[2026-07-09T00:21:17.868+0000] {processor.py:161} INFO - Started process (PID=201) to work on /opt/airflow/dags/indusflow_dags.py
[2026-07-09T00:21:17.869+0000] {processor.py:830} INFO - Processing file /opt/airflow/dags/indusflow_dags.py for tasks to queue
[2026-07-09T00:21:17.871+0000] {logging_mixin.py:188} INFO - [2026-07-09T00:21:17.870+0000] {dagbag.py:545} INFO - Filling up the DagBag from /opt/airflow/dags/indusflow_dags.py
[2026-07-09T00:21:17.889+0000] {processor.py:840} INFO - DAG(s) 'indusflow_pipeline' retrieved from /opt/airflow/dags/indusflow_dags.py
[2026-07-09T00:21:18.026+0000] {logging_mixin.py:188} INFO - [2026-07-09T00:21:18.026+0000] {dag.py:3089} INFO - Sync 1 DAGs
[2026-07-09T00:21:18.041+0000] {logging_mixin.py:188} INFO - [2026-07-09T00:21:18.041+0000] {dag.py:3947} INFO - Setting next_dagrun for indusflow_pipeline to 2026-07-09 00:00:00+00:00, run_after=2026-07-10 00:00:00+00:00
[2026-07-09T00:21:18.067+0000] {processor.py:183} INFO - Processing /opt/airflow/dags/indusflow_dags.py took 0.206 seconds
[2026-07-09T00:21:48.113+0000] {processor.py:161} INFO - Started process (PID=223) to work on /opt/airflow/dags/indusflow_dags.py
[2026-07-09T00:21:48.113+0000] {processor.py:830} INFO - Processing file /opt/airflow/dags/indusflow_dags.py for tasks to queue
[2026-07-09T00:21:48.115+0000] {logging_mixin.py:188} INFO - [2026-07-09T00:21:48.115+0000] {dagbag.py:545} INFO - Filling up the DagBag from /opt/airflow/dags/indusflow_dags.py
[2026-07-09T00:21:48.126+0000] {processor.py:840} INFO - DAG(s) 'indusflow_pipeline' retrieved from /opt/airflow/dags/indusflow_dags.py
[2026-07-09T00:21:48.152+0000] {logging_mixin.py:188} INFO - [2026-07-09T00:21:48.152+0000] {dag.py:3089} INFO - Sync 1 DAGs
[2026-07-09T00:21:48.169+0000] {logging_mixin.py:188} INFO - [2026-07-09T00:21:48.169+0000] {dag.py:3947} INFO - Setting next_dagrun for indusflow_pipeline to 2026-07-09 00:00:00+00:00, run_after=2026-07-10 00:00:00+00:00
[2026-07-09T00:21:48.187+0000] {processor.py:183} INFO - Processing /opt/airflow/dags/indusflow_dags.py took 0.080 seconds
[2026-07-09T00:22:18.290+0000] {processor.py:161} INFO - Started process (PID=228) to work on /opt/airflow/dags/indusflow_dags.py
[2026-07-09T00:22:18.290+0000] {processor.py:830} INFO - Processing file /opt/airflow/dags/indusflow_dags.py for tasks to queue
[2026-07-09T00:22:18.291+0000] {logging_mixin.py:188} INFO - [2026-07-09T00:22:18.291+0000] {dagbag.py:545} INFO - Filling up the DagBag from /opt/airflow/dags/indusflow_dags.py
[2026-07-09T00:22:18.301+0000] {processor.py:840} INFO - DAG(s) 'indusflow_pipeline' retrieved from /opt/airflow/dags/indusflow_dags.py
[2026-07-09T00:22:18.328+0000] {logging_mixin.py:188} INFO - [2026-07-09T00:22:18.328+0000] {dag.py:3089} INFO - Sync 1 DAGs
[2026-07-09T00:22:18.347+0000] {logging_mixin.py:188} INFO - [2026-07-09T00:22:18.347+0000] {dag.py:3947} INFO - Setting next_dagrun for indusflow_pipeline to 2026-07-09 00:00:00+00:00, run_after=2026-07-10 00:00:00+00:00
[2026-07-09T00:22:18.362+0000] {processor.py:183} INFO - Processing /opt/airflow/dags/indusflow_dags.py took 0.082 seconds
[2026-07-09T00:22:48.511+0000] {processor.py:161} INFO - Started process (PID=241) to work on /opt/airflow/dags/indusflow_dags.py
[2026-07-09T00:22:48.511+0000] {processor.py:830} INFO - Processing file /opt/airflow/dags/indusflow_dags.py for tasks to queue
[2026-07-09T00:22:48.513+0000] {logging_mixin.py:188} INFO - [2026-07-09T00:22:48.513+0000] {dagbag.py:545} INFO - Filling up the DagBag from /opt/airflow/dags/indusflow_dags.py
[2026-07-09T00:22:48.525+0000] {processor.py:840} INFO - DAG(s) 'indusflow_pipeline' retrieved from /opt/airflow/dags/indusflow_dags.py
[2026-07-09T00:22:48.553+0000] {logging_mixin.py:188} INFO - [2026-07-09T00:22:48.553+0000] {dag.py:3089} INFO - Sync 1 DAGs
[2026-07-09T00:22:48.567+0000] {logging_mixin.py:188} INFO - [2026-07-09T00:22:48.567+0000] {dag.py:3947} INFO - Setting next_dagrun for indusflow_pipeline to 2026-07-09 00:00:00+00:00, run_after=2026-07-10 00:00:00+00:00
[2026-07-09T00:22:48.579+0000] {processor.py:183} INFO - Processing /opt/airflow/dags/indusflow_dags.py took 0.075 seconds
[2026-07-09T00:23:18.695+0000] {processor.py:161} INFO - Started process (PID=246) to work on /opt/airflow/dags/indusflow_dags.py
[2026-07-09T00:23:18.696+0000] {processor.py:830} INFO - Processing file /opt/airflow/dags/indusflow_dags.py for tasks to queue
[2026-07-09T00:23:18.697+0000] {logging_mixin.py:188} INFO - [2026-07-09T00:23:18.697+0000] {dagbag.py:545} INFO - Filling up the DagBag from /opt/airflow/dags/indusflow_dags.py
[2026-07-09T00:23:18.705+0000] {processor.py:840} INFO - DAG(s) 'indusflow_pipeline' retrieved from /opt/airflow/dags/indusflow_dags.py
[2026-07-09T00:23:18.728+0000] {logging_mixin.py:188} INFO - [2026-07-09T00:23:18.727+0000] {dag.py:3089} INFO - Sync 1 DAGs
[2026-07-09T00:23:18.744+0000] {logging_mixin.py:188} INFO - [2026-07-09T00:23:18.743+0000] {dag.py:3947} INFO - Setting next_dagrun for indusflow_pipeline to 2026-07-09 00:00:00+00:00, run_after=2026-07-10 00:00:00+00:00
[2026-07-09T00:23:18.757+0000] {processor.py:183} INFO - Processing /opt/airflow/dags/indusflow_dags.py took 0.068 seconds
[2026-07-09T00:23:48.899+0000] {processor.py:161} INFO - Started process (PID=251) to work on /opt/airflow/dags/indusflow_dags.py
[2026-07-09T00:23:48.900+0000] {processor.py:830} INFO - Processing file /opt/airflow/dags/indusflow_dags.py for tasks to queue
[2026-07-09T00:23:48.902+0000] {logging_mixin.py:188} INFO - [2026-07-09T00:23:48.902+0000] {dagbag.py:545} INFO - Filling up the DagBag from /opt/airflow/dags/indusflow_dags.py
[2026-07-09T00:23:48.916+0000] {processor.py:840} INFO - DAG(s) 'indusflow_pipeline' retrieved from /opt/airflow/dags/indusflow_dags.py
[2026-07-09T00:23:48.940+0000] {logging_mixin.py:188} INFO - [2026-07-09T00:23:48.940+0000] {dag.py:3089} INFO - Sync 1 DAGs
[2026-07-09T00:23:48.956+0000] {logging_mixin.py:188} INFO - [2026-07-09T00:23:48.956+0000] {dag.py:3947} INFO - Setting next_dagrun for indusflow_pipeline to 2026-07-09 00:00:00+00:00, run_after=2026-07-10 00:00:00+00:00
[2026-07-09T00:23:48.972+0000] {processor.py:183} INFO - Processing /opt/airflow/dags/indusflow_dags.py took 0.080 seconds
[2026-07-09T00:24:19.083+0000] {processor.py:161} INFO - Started process (PID=256) to work on /opt/airflow/dags/indusflow_dags.py
[2026-07-09T00:24:19.083+0000] {processor.py:830} INFO - Processing file /opt/airflow/dags/indusflow_dags.py for tasks to queue
[2026-07-09T00:24:19.085+0000] {logging_mixin.py:188} INFO - [2026-07-09T00:24:19.085+0000] {dagbag.py:545} INFO - Filling up the DagBag from /opt/airflow/dags/indusflow_dags.py
[2026-07-09T00:24:19.094+0000] {processor.py:840} INFO - DAG(s) 'indusflow_pipeline' retrieved from /opt/airflow/dags/indusflow_dags.py
[2026-07-09T00:24:19.130+0000] {logging_mixin.py:188} INFO - [2026-07-09T00:24:19.129+0000] {dag.py:3089} INFO - Sync 1 DAGs
[2026-07-09T00:24:19.146+0000] {logging_mixin.py:188} INFO - [2026-07-09T00:24:19.146+0000] {dag.py:3947} INFO - Setting next_dagrun for indusflow_pipeline to 2026-07-09 00:00:00+00:00, run_after=2026-07-10 00:00:00+00:00
[2026-07-09T00:24:19.168+0000] {processor.py:183} INFO - Processing /opt/airflow/dags/indusflow_dags.py took 0.093 seconds
[2026-07-09T00:24:49.290+0000] {processor.py:161} INFO - Started process (PID=261) to work on /opt/airflow/dags/indusflow_dags.py
[2026-07-09T00:24:49.291+0000] {processor.py:830} INFO - Processing file /opt/airflow/dags/indusflow_dags.py for tasks to queue
[2026-07-09T00:24:49.292+0000] {logging_mixin.py:188} INFO - [2026-07-09T00:24:49.292+0000] {dagbag.py:545} INFO - Filling up the DagBag from /opt/airflow/dags/indusflow_dags.py
[2026-07-09T00:24:49.310+0000] {processor.py:840} INFO - DAG(s) 'indusflow_pipeline' retrieved from /opt/airflow/dags/indusflow_dags.py
[2026-07-09T00:24:49.337+0000] {logging_mixin.py:188} INFO - [2026-07-09T00:24:49.337+0000] {dag.py:3089} INFO - Sync 1 DAGs
[2026-07-09T00:24:49.360+0000] {logging_mixin.py:188} INFO - [2026-07-09T00:24:49.360+0000] {dag.py:3947} INFO - Setting next_dagrun for indusflow_pipeline to 2026-07-09 00:00:00+00:00, run_after=2026-07-10 00:00:00+00:00
[2026-07-09T00:24:49.375+0000] {processor.py:183} INFO - Processing /opt/airflow/dags/indusflow_dags.py took 0.091 seconds
[2026-07-09T00:25:19.464+0000] {processor.py:161} INFO - Started process (PID=266) to work on /opt/airflow/dags/indusflow_dags.py
[2026-07-09T00:25:19.465+0000] {processor.py:830} INFO - Processing file /opt/airflow/dags/indusflow_dags.py for tasks to queue
[2026-07-09T00:25:19.468+0000] {logging_mixin.py:188} INFO - [2026-07-09T00:25:19.467+0000] {dagbag.py:545} INFO - Filling up the DagBag from /opt/airflow/dags/indusflow_dags.py
[2026-07-09T00:25:19.483+0000] {processor.py:840} INFO - DAG(s) 'indusflow_pipeline' retrieved from /opt/airflow/dags/indusflow_dags.py
[2026-07-09T00:25:19.519+0000] {logging_mixin.py:188} INFO - [2026-07-09T00:25:19.519+0000] {dag.py:3089} INFO - Sync 1 DAGs
[2026-07-09T00:25:19.538+0000] {logging_mixin.py:188} INFO - [2026-07-09T00:25:19.537+0000] {dag.py:3947} INFO - Setting next_dagrun for indusflow_pipeline to 2026-07-09 00:00:00+00:00, run_after=2026-07-10 00:00:00+00:00
[2026-07-09T00:25:19.558+0000] {processor.py:183} INFO - Processing /opt/airflow/dags/indusflow_dags.py took 0.105 seconds
[2026-07-09T00:25:49.707+0000] {processor.py:161} INFO - Started process (PID=271) to work on /opt/airflow/dags/indusflow_dags.py
[2026-07-09T00:25:49.707+0000] {processor.py:830} INFO - Processing file /opt/airflow/dags/indusflow_dags.py for tasks to queue
[2026-07-09T00:25:49.708+0000] {logging_mixin.py:188} INFO - [2026-07-09T00:25:49.708+0000] {dagbag.py:545} INFO - Filling up the DagBag from /opt/airflow/dags/indusflow_dags.py
[2026-07-09T00:25:49.716+0000] {processor.py:840} INFO - DAG(s) 'indusflow_pipeline' retrieved from /opt/airflow/dags/indusflow_dags.py
[2026-07-09T00:25:49.744+0000] {logging_mixin.py:188} INFO - [2026-07-09T00:25:49.744+0000] {dag.py:3089} INFO - Sync 1 DAGs
[2026-07-09T00:25:49.762+0000] {logging_mixin.py:188} INFO - [2026-07-09T00:25:49.762+0000] {dag.py:3947} INFO - Setting next_dagrun for indusflow_pipeline to 2026-07-09 00:00:00+00:00, run_after=2026-07-10 00:00:00+00:00
[2026-07-09T00:25:49.785+0000] {processor.py:183} INFO - Processing /opt/airflow/dags/indusflow_dags.py took 0.086 seconds
[2026-07-09T00:26:19.902+0000] {processor.py:161} INFO - Started process (PID=292) to work on /opt/airflow/dags/indusflow_dags.py
[2026-07-09T00:26:19.903+0000] {processor.py:830} INFO - Processing file /opt/airflow/dags/indusflow_dags.py for tasks to queue
[2026-07-09T00:26:19.904+0000] {logging_mixin.py:188} INFO - [2026-07-09T00:26:19.904+0000] {dagbag.py:545} INFO - Filling up the DagBag from /opt/airflow/dags/indusflow_dags.py
[2026-07-09T00:26:19.912+0000] {processor.py:840} INFO - DAG(s) 'indusflow_pipeline' retrieved from /opt/airflow/dags/indusflow_dags.py
[2026-07-09T00:26:19.933+0000] {logging_mixin.py:188} INFO - [2026-07-09T00:26:19.933+0000] {dag.py:3089} INFO - Sync 1 DAGs
[2026-07-09T00:26:19.947+0000] {logging_mixin.py:188} INFO - [2026-07-09T00:26:19.947+0000] {dag.py:3947} INFO - Setting next_dagrun for indusflow_pipeline to 2026-07-09 00:00:00+00:00, run_after=2026-07-10 00:00:00+00:00
[2026-07-09T00:26:19.963+0000] {processor.py:183} INFO - Processing /opt/airflow/dags/indusflow_dags.py took 0.066 seconds
[2026-07-09T00:26:50.101+0000] {processor.py:161} INFO - Started process (PID=297) to work on /opt/airflow/dags/indusflow_dags.py
[2026-07-09T00:26:50.102+0000] {processor.py:830} INFO - Processing file /opt/airflow/dags/indusflow_dags.py for tasks to queue
[2026-07-09T00:26:50.103+0000] {logging_mixin.py:188} INFO - [2026-07-09T00:26:50.103+0000] {dagbag.py:545} INFO - Filling up the DagBag from /opt/airflow/dags/indusflow_dags.py
[2026-07-09T00:26:50.117+0000] {processor.py:840} INFO - DAG(s) 'indusflow_pipeline' retrieved from /opt/airflow/dags/indusflow_dags.py
[2026-07-09T00:26:50.146+0000] {logging_mixin.py:188} INFO - [2026-07-09T00:26:50.146+0000] {dag.py:3089} INFO - Sync 1 DAGs
[2026-07-09T00:26:50.166+0000] {logging_mixin.py:188} INFO - [2026-07-09T00:26:50.166+0000] {dag.py:3947} INFO - Setting next_dagrun for indusflow_pipeline to 2026-07-09 00:00:00+00:00, run_after=2026-07-10 00:00:00+00:00
[2026-07-09T00:26:50.183+0000] {processor.py:183} INFO - Processing /opt/airflow/dags/indusflow_dags.py took 0.088 seconds
[2026-07-09T00:27:20.298+0000] {processor.py:161} INFO - Started process (PID=302) to work on /opt/airflow/dags/indusflow_dags.py
[2026-07-09T00:27:20.299+0000] {processor.py:830} INFO - Processing file /opt/airflow/dags/indusflow_dags.py for tasks to queue
[2026-07-09T00:27:20.301+0000] {logging_mixin.py:188} INFO - [2026-07-09T00:27:20.300+0000] {dagbag.py:545} INFO - Filling up the DagBag from /opt/airflow/dags/indusflow_dags.py
[2026-07-09T00:27:20.313+0000] {processor.py:840} INFO - DAG(s) 'indusflow_pipeline' retrieved from /opt/airflow/dags/indusflow_dags.py
[2026-07-09T00:27:20.344+0000] {logging_mixin.py:188} INFO - [2026-07-09T00:27:20.344+0000] {dag.py:3089} INFO - Sync 1 DAGs
[2026-07-09T00:27:20.363+0000] {logging_mixin.py:188} INFO - [2026-07-09T00:27:20.363+0000] {dag.py:3947} INFO - Setting next_dagrun for indusflow_pipeline to 2026-07-09 00:00:00+00:00, run_after=2026-07-10 00:00:00+00:00
[2026-07-09T00:27:20.388+0000] {processor.py:183} INFO - Processing /opt/airflow/dags/indusflow_dags.py took 0.097 seconds
[2026-07-09T00:27:50.527+0000] {processor.py:161} INFO - Started process (PID=315) to work on /opt/airflow/dags/indusflow_dags.py
[2026-07-09T00:27:50.527+0000] {processor.py:830} INFO - Processing file /opt/airflow/dags/indusflow_dags.py for tasks to queue
[2026-07-09T00:27:50.529+0000] {logging_mixin.py:188} INFO - [2026-07-09T00:27:50.528+0000] {dagbag.py:545} INFO - Filling up the DagBag from /opt/airflow/dags/indusflow_dags.py
[2026-07-09T00:27:50.537+0000] {processor.py:840} INFO - DAG(s) 'indusflow_pipeline' retrieved from /opt/airflow/dags/indusflow_dags.py
[2026-07-09T00:27:50.558+0000] {logging_mixin.py:188} INFO - [2026-07-09T00:27:50.558+0000] {dag.py:3089} INFO - Sync 1 DAGs
[2026-07-09T00:27:50.574+0000] {logging_mixin.py:188} INFO - [2026-07-09T00:27:50.573+0000] {dag.py:3947} INFO - Setting next_dagrun for indusflow_pipeline to 2026-07-09 00:00:00+00:00, run_after=2026-07-10 00:00:00+00:00
[2026-07-09T00:27:50.593+0000] {processor.py:183} INFO - Processing /opt/airflow/dags/indusflow_dags.py took 0.070 seconds
[2026-07-09T00:28:20.725+0000] {processor.py:161} INFO - Started process (PID=320) to work on /opt/airflow/dags/indusflow_dags.py
[2026-07-09T00:28:20.726+0000] {processor.py:830} INFO - Processing file /opt/airflow/dags/indusflow_dags.py for tasks to queue
[2026-07-09T00:28:20.727+0000] {logging_mixin.py:188} INFO - [2026-07-09T00:28:20.727+0000] {dagbag.py:545} INFO - Filling up the DagBag from /opt/airflow/dags/indusflow_dags.py
[2026-07-09T00:28:20.735+0000] {processor.py:840} INFO - DAG(s) 'indusflow_pipeline' retrieved from /opt/airflow/dags/indusflow_dags.py
[2026-07-09T00:28:20.757+0000] {logging_mixin.py:188} INFO - [2026-07-09T00:28:20.757+0000] {dag.py:3089} INFO - Sync 1 DAGs
[2026-07-09T00:28:20.772+0000] {logging_mixin.py:188} INFO - [2026-07-09T00:28:20.772+0000] {dag.py:3947} INFO - Setting next_dagrun for indusflow_pipeline to 2026-07-09 00:00:00+00:00, run_after=2026-07-10 00:00:00+00:00
[2026-07-09T00:28:20.786+0000] {processor.py:183} INFO - Processing /opt/airflow/dags/indusflow_dags.py took 0.068 seconds
[2026-07-09T00:28:50.908+0000] {processor.py:161} INFO - Started process (PID=325) to work on /opt/airflow/dags/indusflow_dags.py
[2026-07-09T00:28:50.909+0000] {processor.py:830} INFO - Processing file /opt/airflow/dags/indusflow_dags.py for tasks to queue
[2026-07-09T00:28:50.911+0000] {logging_mixin.py:188} INFO - [2026-07-09T00:28:50.911+0000] {dagbag.py:545} INFO - Filling up the DagBag from /opt/airflow/dags/indusflow_dags.py
[2026-07-09T00:28:50.922+0000] {processor.py:840} INFO - DAG(s) 'indusflow_pipeline' retrieved from /opt/airflow/dags/indusflow_dags.py
[2026-07-09T00:28:50.949+0000] {logging_mixin.py:188} INFO - [2026-07-09T00:28:50.948+0000] {dag.py:3089} INFO - Sync 1 DAGs
[2026-07-09T00:28:50.967+0000] {logging_mixin.py:188} INFO - [2026-07-09T00:28:50.967+0000] {dag.py:3947} INFO - Setting next_dagrun for indusflow_pipeline to 2026-07-09 00:00:00+00:00, run_after=2026-07-10 00:00:00+00:00
[2026-07-09T00:28:50.990+0000] {processor.py:183} INFO - Processing /opt/airflow/dags/indusflow_dags.py took 0.093 seconds
[2026-07-09T00:29:21.090+0000] {processor.py:161} INFO - Started process (PID=330) to work on /opt/airflow/dags/indusflow_dags.py
[2026-07-09T00:29:21.091+0000] {processor.py:830} INFO - Processing file /opt/airflow/dags/indusflow_dags.py for tasks to queue
[2026-07-09T00:29:21.093+0000] {logging_mixin.py:188} INFO - [2026-07-09T00:29:21.093+0000] {dagbag.py:545} INFO - Filling up the DagBag from /opt/airflow/dags/indusflow_dags.py
[2026-07-09T00:29:21.107+0000] {processor.py:840} INFO - DAG(s) 'indusflow_pipeline' retrieved from /opt/airflow/dags/indusflow_dags.py
[2026-07-09T00:29:21.142+0000] {logging_mixin.py:188} INFO - [2026-07-09T00:29:21.141+0000] {dag.py:3089} INFO - Sync 1 DAGs
[2026-07-09T00:29:21.163+0000] {logging_mixin.py:188} INFO - [2026-07-09T00:29:21.163+0000] {dag.py:3947} INFO - Setting next_dagrun for indusflow_pipeline to 2026-07-09 00:00:00+00:00, run_after=2026-07-10 00:00:00+00:00
[2026-07-09T00:29:21.184+0000] {processor.py:183} INFO - Processing /opt/airflow/dags/indusflow_dags.py took 0.102 seconds
[2026-07-09T00:29:51.316+0000] {processor.py:161} INFO - Started process (PID=335) to work on /opt/airflow/dags/indusflow_dags.py
[2026-07-09T00:29:51.317+0000] {processor.py:830} INFO - Processing file /opt/airflow/dags/indusflow_dags.py for tasks to queue
[2026-07-09T00:29:51.319+0000] {logging_mixin.py:188} INFO - [2026-07-09T00:29:51.319+0000] {dagbag.py:545} INFO - Filling up the DagBag from /opt/airflow/dags/indusflow_dags.py
[2026-07-09T00:29:51.334+0000] {processor.py:840} INFO - DAG(s) 'indusflow_pipeline' retrieved from /opt/airflow/dags/indusflow_dags.py
[2026-07-09T00:29:51.374+0000] {logging_mixin.py:188} INFO - [2026-07-09T00:29:51.373+0000] {dag.py:3089} INFO - Sync 1 DAGs
[2026-07-09T00:29:51.393+0000] {logging_mixin.py:188} INFO - [2026-07-09T00:29:51.393+0000] {dag.py:3947} INFO - Setting next_dagrun for indusflow_pipeline to 2026-07-09 00:00:00+00:00, run_after=2026-07-10 00:00:00+00:00
[2026-07-09T00:29:51.415+0000] {processor.py:183} INFO - Processing /opt/airflow/dags/indusflow_dags.py took 0.108 seconds
[2026-07-09T00:30:21.515+0000] {processor.py:161} INFO - Started process (PID=340) to work on /opt/airflow/dags/indusflow_dags.py
[2026-07-09T00:30:21.516+0000] {processor.py:830} INFO - Processing file /opt/airflow/dags/indusflow_dags.py for tasks to queue
[2026-07-09T00:30:21.517+0000] {logging_mixin.py:188} INFO - [2026-07-09T00:30:21.517+0000] {dagbag.py:545} INFO - Filling up the DagBag from /opt/airflow/dags/indusflow_dags.py
[2026-07-09T00:30:21.529+0000] {processor.py:840} INFO - DAG(s) 'indusflow_pipeline' retrieved from /opt/airflow/dags/indusflow_dags.py
[2026-07-09T00:30:21.562+0000] {logging_mixin.py:188} INFO - [2026-07-09T00:30:21.562+0000] {dag.py:3089} INFO - Sync 1 DAGs
[2026-07-09T00:30:21.583+0000] {logging_mixin.py:188} INFO - [2026-07-09T00:30:21.583+0000] {dag.py:3947} INFO - Setting next_dagrun for indusflow_pipeline to 2026-07-09 00:00:00+00:00, run_after=2026-07-10 00:00:00+00:00
[2026-07-09T00:30:21.608+0000] {processor.py:183} INFO - Processing /opt/airflow/dags/indusflow_dags.py took 0.102 seconds
[2026-07-09T00:30:51.730+0000] {processor.py:161} INFO - Started process (PID=345) to work on /opt/airflow/dags/indusflow_dags.py
[2026-07-09T00:30:51.731+0000] {processor.py:830} INFO - Processing file /opt/airflow/dags/indusflow_dags.py for tasks to queue
[2026-07-09T00:30:51.732+0000] {logging_mixin.py:188} INFO - [2026-07-09T00:30:51.732+0000] {dagbag.py:545} INFO - Filling up the DagBag from /opt/airflow/dags/indusflow_dags.py
[2026-07-09T00:30:51.744+0000] {processor.py:840} INFO - DAG(s) 'indusflow_pipeline' retrieved from /opt/airflow/dags/indusflow_dags.py
[2026-07-09T00:30:51.771+0000] {logging_mixin.py:188} INFO - [2026-07-09T00:30:51.771+0000] {dag.py:3089} INFO - Sync 1 DAGs
[2026-07-09T00:30:51.789+0000] {logging_mixin.py:188} INFO - [2026-07-09T00:30:51.789+0000] {dag.py:3947} INFO - Setting next_dagrun for indusflow_pipeline to 2026-07-09 00:00:00+00:00, run_after=2026-07-10 00:00:00+00:00
[2026-07-09T00:30:51.804+0000] {processor.py:183} INFO - Processing /opt/airflow/dags/indusflow_dags.py took 0.082 seconds
[2026-07-09T00:31:21.921+0000] {processor.py:161} INFO - Started process (PID=366) to work on /opt/airflow/dags/indusflow_dags.py
[2026-07-09T00:31:21.921+0000] {processor.py:830} INFO - Processing file /opt/airflow/dags/indusflow_dags.py for tasks to queue
[2026-07-09T00:31:21.922+0000] {logging_mixin.py:188} INFO - [2026-07-09T00:31:21.922+0000] {dagbag.py:545} INFO - Filling up the DagBag from /opt/airflow/dags/indusflow_dags.py
[2026-07-09T00:31:21.931+0000] {processor.py:840} INFO - DAG(s) 'indusflow_pipeline' retrieved from /opt/airflow/dags/indusflow_dags.py
[2026-07-09T00:31:21.955+0000] {logging_mixin.py:188} INFO - [2026-07-09T00:31:21.955+0000] {dag.py:3089} INFO - Sync 1 DAGs
[2026-07-09T00:31:21.971+0000] {logging_mixin.py:188} INFO - [2026-07-09T00:31:21.971+0000] {dag.py:3947} INFO - Setting next_dagrun for indusflow_pipeline to 2026-07-09 00:00:00+00:00, run_after=2026-07-10 00:00:00+00:00
[2026-07-09T00:31:21.984+0000] {processor.py:183} INFO - Processing /opt/airflow/dags/indusflow_dags.py took 0.068 seconds
[2026-07-09T00:31:52.119+0000] {processor.py:161} INFO - Started process (PID=371) to work on /opt/airflow/dags/indusflow_dags.py
[2026-07-09T00:31:52.120+0000] {processor.py:830} INFO - Processing file /opt/airflow/dags/indusflow_dags.py for tasks to queue
[2026-07-09T00:31:52.122+0000] {logging_mixin.py:188} INFO - [2026-07-09T00:31:52.121+0000] {dagbag.py:545} INFO - Filling up the DagBag from /opt/airflow/dags/indusflow_dags.py
[2026-07-09T00:31:52.135+0000] {processor.py:840} INFO - DAG(s) 'indusflow_pipeline' retrieved from /opt/airflow/dags/indusflow_dags.py
[2026-07-09T00:31:52.169+0000] {logging_mixin.py:188} INFO - [2026-07-09T00:31:52.168+0000] {dag.py:3089} INFO - Sync 1 DAGs
[2026-07-09T00:31:52.186+0000] {logging_mixin.py:188} INFO - [2026-07-09T00:31:52.186+0000] {dag.py:3947} INFO - Setting next_dagrun for indusflow_pipeline to 2026-07-09 00:00:00+00:00, run_after=2026-07-10 00:00:00+00:00
[2026-07-09T00:31:52.204+0000] {processor.py:183} INFO - Processing /opt/airflow/dags/indusflow_dags.py took 0.092 seconds
[2026-07-09T00:53:34.763+0000] {processor.py:161} INFO - Started process (PID=204) to work on /opt/airflow/dags/indusflow_dags.py
[2026-07-09T00:53:34.764+0000] {processor.py:830} INFO - Processing file /opt/airflow/dags/indusflow_dags.py for tasks to queue
[2026-07-09T00:53:34.765+0000] {logging_mixin.py:188} INFO - [2026-07-09T00:53:34.765+0000] {dagbag.py:545} INFO - Filling up the DagBag from /opt/airflow/dags/indusflow_dags.py
[2026-07-09T00:53:34.776+0000] {processor.py:840} INFO - DAG(s) 'indusflow_pipeline' retrieved from /opt/airflow/dags/indusflow_dags.py
[2026-07-09T00:53:34.899+0000] {logging_mixin.py:188} INFO - [2026-07-09T00:53:34.898+0000] {dag.py:3089} INFO - Sync 1 DAGs
[2026-07-09T00:53:34.926+0000] {logging_mixin.py:188} INFO - [2026-07-09T00:53:34.925+0000] {dag.py:3947} INFO - Setting next_dagrun for indusflow_pipeline to 2026-07-09 00:00:00+00:00, run_after=2026-07-10 00:00:00+00:00
[2026-07-09T00:53:34.949+0000] {processor.py:183} INFO - Processing /opt/airflow/dags/indusflow_dags.py took 0.191 seconds
[2026-07-09T00:54:05.101+0000] {processor.py:161} INFO - Started process (PID=258) to work on /opt/airflow/dags/indusflow_dags.py
[2026-07-09T00:54:05.102+0000] {processor.py:830} INFO - Processing file /opt/airflow/dags/indusflow_dags.py for tasks to queue
[2026-07-09T00:54:05.103+0000] {logging_mixin.py:188} INFO - [2026-07-09T00:54:05.103+0000] {dagbag.py:545} INFO - Filling up the DagBag from /opt/airflow/dags/indusflow_dags.py
[2026-07-09T00:54:05.110+0000] {processor.py:840} INFO - DAG(s) 'indusflow_pipeline' retrieved from /opt/airflow/dags/indusflow_dags.py
[2026-07-09T00:54:05.132+0000] {logging_mixin.py:188} INFO - [2026-07-09T00:54:05.132+0000] {dag.py:3089} INFO - Sync 1 DAGs
[2026-07-09T00:54:05.150+0000] {logging_mixin.py:188} INFO - [2026-07-09T00:54:05.149+0000] {dag.py:3947} INFO - Setting next_dagrun for indusflow_pipeline to 2026-07-09 00:00:00+00:00, run_after=2026-07-10 00:00:00+00:00
[2026-07-09T00:54:05.169+0000] {processor.py:183} INFO - Processing /opt/airflow/dags/indusflow_dags.py took 0.072 seconds
[2026-07-09T00:54:35.287+0000] {processor.py:161} INFO - Started process (PID=263) to work on /opt/airflow/dags/indusflow_dags.py
[2026-07-09T00:54:35.287+0000] {processor.py:830} INFO - Processing file /opt/airflow/dags/indusflow_dags.py for tasks to queue
[2026-07-09T00:54:35.289+0000] {logging_mixin.py:188} INFO - [2026-07-09T00:54:35.289+0000] {dagbag.py:545} INFO - Filling up the DagBag from /opt/airflow/dags/indusflow_dags.py
[2026-07-09T00:54:35.300+0000] {processor.py:840} INFO - DAG(s) 'indusflow_pipeline' retrieved from /opt/airflow/dags/indusflow_dags.py
[2026-07-09T00:54:35.327+0000] {logging_mixin.py:188} INFO - [2026-07-09T00:54:35.326+0000] {dag.py:3089} INFO - Sync 1 DAGs
[2026-07-09T00:54:35.347+0000] {logging_mixin.py:188} INFO - [2026-07-09T00:54:35.346+0000] {dag.py:3947} INFO - Setting next_dagrun for indusflow_pipeline to 2026-07-09 00:00:00+00:00, run_after=2026-07-10 00:00:00+00:00
[2026-07-09T00:54:35.363+0000] {processor.py:183} INFO - Processing /opt/airflow/dags/indusflow_dags.py took 0.087 seconds
[2026-07-09T00:55:05.495+0000] {processor.py:161} INFO - Started process (PID=268) to work on /opt/airflow/dags/indusflow_dags.py
[2026-07-09T00:55:05.495+0000] {processor.py:830} INFO - Processing file /opt/airflow/dags/indusflow_dags.py for tasks to queue
[2026-07-09T00:55:05.497+0000] {logging_mixin.py:188} INFO - [2026-07-09T00:55:05.497+0000] {dagbag.py:545} INFO - Filling up the DagBag from /opt/airflow/dags/indusflow_dags.py
[2026-07-09T00:55:05.509+0000] {processor.py:840} INFO - DAG(s) 'indusflow_pipeline' retrieved from /opt/airflow/dags/indusflow_dags.py
[2026-07-09T00:55:05.540+0000] {logging_mixin.py:188} INFO - [2026-07-09T00:55:05.539+0000] {dag.py:3089} INFO - Sync 1 DAGs
[2026-07-09T00:55:05.569+0000] {logging_mixin.py:188} INFO - [2026-07-09T00:55:05.569+0000] {dag.py:3947} INFO - Setting next_dagrun for indusflow_pipeline to 2026-07-09 00:00:00+00:00, run_after=2026-07-10 00:00:00+00:00
[2026-07-09T00:55:05.590+0000] {processor.py:183} INFO - Processing /opt/airflow/dags/indusflow_dags.py took 0.103 seconds
[2026-07-09T00:55:35.696+0000] {processor.py:161} INFO - Started process (PID=273) to work on /opt/airflow/dags/indusflow_dags.py
[2026-07-09T00:55:35.697+0000] {processor.py:830} INFO - Processing file /opt/airflow/dags/indusflow_dags.py for tasks to queue
[2026-07-09T00:55:35.698+0000] {logging_mixin.py:188} INFO - [2026-07-09T00:55:35.698+0000] {dagbag.py:545} INFO - Filling up the DagBag from /opt/airflow/dags/indusflow_dags.py
[2026-07-09T00:55:35.714+0000] {processor.py:840} INFO - DAG(s) 'indusflow_pipeline' retrieved from /opt/airflow/dags/indusflow_dags.py
[2026-07-09T00:55:35.745+0000] {logging_mixin.py:188} INFO - [2026-07-09T00:55:35.745+0000] {dag.py:3089} INFO - Sync 1 DAGs
[2026-07-09T00:55:35.764+0000] {logging_mixin.py:188} INFO - [2026-07-09T00:55:35.764+0000] {dag.py:3947} INFO - Setting next_dagrun for indusflow_pipeline to 2026-07-09 00:00:00+00:00, run_after=2026-07-10 00:00:00+00:00
[2026-07-09T00:55:35.781+0000] {processor.py:183} INFO - Processing /opt/airflow/dags/indusflow_dags.py took 0.092 seconds
[2026-07-09T01:00:15.765+0000] {processor.py:161} INFO - Started process (PID=187) to work on /opt/airflow/dags/indusflow_dags.py
[2026-07-09T01:00:15.770+0000] {processor.py:830} INFO - Processing file /opt/airflow/dags/indusflow_dags.py for tasks to queue
[2026-07-09T01:00:15.773+0000] {logging_mixin.py:188} INFO - [2026-07-09T01:00:15.772+0000] {dagbag.py:545} INFO - Filling up the DagBag from /opt/airflow/dags/indusflow_dags.py
[2026-07-09T01:00:15.789+0000] {processor.py:840} INFO - DAG(s) 'indusflow_pipeline' retrieved from /opt/airflow/dags/indusflow_dags.py
[2026-07-09T01:00:15.824+0000] {logging_mixin.py:188} INFO - [2026-07-09T01:00:15.824+0000] {dag.py:3089} INFO - Sync 1 DAGs
[2026-07-09T01:00:15.843+0000] {logging_mixin.py:188} INFO - [2026-07-09T01:00:15.843+0000] {dag.py:3947} INFO - Setting next_dagrun for indusflow_pipeline to 2026-07-09 00:00:00+00:00, run_after=2026-07-10 00:00:00+00:00
[2026-07-09T01:00:15.863+0000] {processor.py:183} INFO - Processing /opt/airflow/dags/indusflow_dags.py took 0.106 seconds
[2026-07-09T01:00:45.979+0000] {processor.py:161} INFO - Started process (PID=229) to work on /opt/airflow/dags/indusflow_dags.py
[2026-07-09T01:00:45.980+0000] {processor.py:830} INFO - Processing file /opt/airflow/dags/indusflow_dags.py for tasks to queue
[2026-07-09T01:00:45.983+0000] {logging_mixin.py:188} INFO - [2026-07-09T01:00:45.982+0000] {dagbag.py:545} INFO - Filling up the DagBag from /opt/airflow/dags/indusflow_dags.py
[2026-07-09T01:00:45.994+0000] {processor.py:840} INFO - DAG(s) 'indusflow_pipeline' retrieved from /opt/airflow/dags/indusflow_dags.py
[2026-07-09T01:00:46.088+0000] {logging_mixin.py:188} INFO - [2026-07-09T01:00:46.088+0000] {dag.py:3089} INFO - Sync 1 DAGs
[2026-07-09T01:00:46.106+0000] {logging_mixin.py:188} INFO - [2026-07-09T01:00:46.106+0000] {dag.py:3947} INFO - Setting next_dagrun for indusflow_pipeline to 2026-07-09 00:00:00+00:00, run_after=2026-07-10 00:00:00+00:00
[2026-07-09T01:00:46.121+0000] {processor.py:183} INFO - Processing /opt/airflow/dags/indusflow_dags.py took 0.148 seconds
[2026-07-09T01:01:16.190+0000] {processor.py:161} INFO - Started process (PID=234) to work on /opt/airflow/dags/indusflow_dags.py
[2026-07-09T01:01:16.191+0000] {processor.py:830} INFO - Processing file /opt/airflow/dags/indusflow_dags.py for tasks to queue
[2026-07-09T01:01:16.192+0000] {logging_mixin.py:188} INFO - [2026-07-09T01:01:16.192+0000] {dagbag.py:545} INFO - Filling up the DagBag from /opt/airflow/dags/indusflow_dags.py
[2026-07-09T01:01:16.200+0000] {processor.py:840} INFO - DAG(s) 'indusflow_pipeline' retrieved from /opt/airflow/dags/indusflow_dags.py
[2026-07-09T01:01:16.219+0000] {logging_mixin.py:188} INFO - [2026-07-09T01:01:16.219+0000] {dag.py:3089} INFO - Sync 1 DAGs
[2026-07-09T01:01:16.234+0000] {logging_mixin.py:188} INFO - [2026-07-09T01:01:16.234+0000] {dag.py:3947} INFO - Setting next_dagrun for indusflow_pipeline to 2026-07-09 00:00:00+00:00, run_after=2026-07-10 00:00:00+00:00
[2026-07-09T01:01:16.246+0000] {processor.py:183} INFO - Processing /opt/airflow/dags/indusflow_dags.py took 0.063 seconds
[2026-07-09T01:01:46.386+0000] {processor.py:161} INFO - Started process (PID=239) to work on /opt/airflow/dags/indusflow_dags.py
[2026-07-09T01:01:46.386+0000] {processor.py:830} INFO - Processing file /opt/airflow/dags/indusflow_dags.py for tasks to queue
[2026-07-09T01:01:46.388+0000] {logging_mixin.py:188} INFO - [2026-07-09T01:01:46.387+0000] {dagbag.py:545} INFO - Filling up the DagBag from /opt/airflow/dags/indusflow_dags.py
[2026-07-09T01:01:46.397+0000] {processor.py:840} INFO - DAG(s) 'indusflow_pipeline' retrieved from /opt/airflow/dags/indusflow_dags.py
[2026-07-09T01:01:46.426+0000] {logging_mixin.py:188} INFO - [2026-07-09T01:01:46.426+0000] {dag.py:3089} INFO - Sync 1 DAGs
[2026-07-09T01:01:46.445+0000] {logging_mixin.py:188} INFO - [2026-07-09T01:01:46.445+0000] {dag.py:3947} INFO - Setting next_dagrun for indusflow_pipeline to 2026-07-09 00:00:00+00:00, run_after=2026-07-10 00:00:00+00:00
[2026-07-09T01:01:46.463+0000] {processor.py:183} INFO - Processing /opt/airflow/dags/indusflow_dags.py took 0.085 seconds
[2026-07-09T01:02:16.614+0000] {processor.py:161} INFO - Started process (PID=244) to work on /opt/airflow/dags/indusflow_dags.py
[2026-07-09T01:02:16.615+0000] {processor.py:830} INFO - Processing file /opt/airflow/dags/indusflow_dags.py for tasks to queue
[2026-07-09T01:02:16.617+0000] {logging_mixin.py:188} INFO - [2026-07-09T01:02:16.617+0000] {dagbag.py:545} INFO - Filling up the DagBag from /opt/airflow/dags/indusflow_dags.py
[2026-07-09T01:02:16.635+0000] {processor.py:840} INFO - DAG(s) 'indusflow_pipeline' retrieved from /opt/airflow/dags/indusflow_dags.py
[2026-07-09T01:02:16.662+0000] {logging_mixin.py:188} INFO - [2026-07-09T01:02:16.662+0000] {dag.py:3089} INFO - Sync 1 DAGs
[2026-07-09T01:02:16.681+0000] {logging_mixin.py:188} INFO - [2026-07-09T01:02:16.680+0000] {dag.py:3947} INFO - Setting next_dagrun for indusflow_pipeline to 2026-07-09 00:00:00+00:00, run_after=2026-07-10 00:00:00+00:00
[2026-07-09T01:02:16.704+0000] {processor.py:183} INFO - Processing /opt/airflow/dags/indusflow_dags.py took 0.101 seconds
[2026-07-09T01:02:46.803+0000] {processor.py:161} INFO - Started process (PID=249) to work on /opt/airflow/dags/indusflow_dags.py
[2026-07-09T01:02:46.803+0000] {processor.py:830} INFO - Processing file /opt/airflow/dags/indusflow_dags.py for tasks to queue
[2026-07-09T01:02:46.804+0000] {logging_mixin.py:188} INFO - [2026-07-09T01:02:46.804+0000] {dagbag.py:545} INFO - Filling up the DagBag from /opt/airflow/dags/indusflow_dags.py
[2026-07-09T01:02:46.812+0000] {processor.py:840} INFO - DAG(s) 'indusflow_pipeline' retrieved from /opt/airflow/dags/indusflow_dags.py
[2026-07-09T01:02:46.833+0000] {logging_mixin.py:188} INFO - [2026-07-09T01:02:46.832+0000] {dag.py:3089} INFO - Sync 1 DAGs
[2026-07-09T01:02:46.849+0000] {logging_mixin.py:188} INFO - [2026-07-09T01:02:46.848+0000] {dag.py:3947} INFO - Setting next_dagrun for indusflow_pipeline to 2026-07-09 00:00:00+00:00, run_after=2026-07-10 00:00:00+00:00
[2026-07-09T01:02:46.862+0000] {processor.py:183} INFO - Processing /opt/airflow/dags/indusflow_dags.py took 0.063 seconds
[2026-07-09T01:03:17.027+0000] {processor.py:161} INFO - Started process (PID=254) to work on /opt/airflow/dags/indusflow_dags.py
[2026-07-09T01:03:17.028+0000] {processor.py:830} INFO - Processing file /opt/airflow/dags/indusflow_dags.py for tasks to queue
[2026-07-09T01:03:17.029+0000] {logging_mixin.py:188} INFO - [2026-07-09T01:03:17.029+0000] {dagbag.py:545} INFO - Filling up the DagBag from /opt/airflow/dags/indusflow_dags.py
[2026-07-09T01:03:17.041+0000] {processor.py:840} INFO - DAG(s) 'indusflow_pipeline' retrieved from /opt/airflow/dags/indusflow_dags.py
[2026-07-09T01:03:17.063+0000] {logging_mixin.py:188} INFO - [2026-07-09T01:03:17.063+0000] {dag.py:3089} INFO - Sync 1 DAGs
[2026-07-09T01:03:17.081+0000] {logging_mixin.py:188} INFO - [2026-07-09T01:03:17.081+0000] {dag.py:3947} INFO - Setting next_dagrun for indusflow_pipeline to 2026-07-09 00:00:00+00:00, run_after=2026-07-10 00:00:00+00:00
[2026-07-09T01:03:17.102+0000] {processor.py:183} INFO - Processing /opt/airflow/dags/indusflow_dags.py took 0.082 seconds
[2026-07-09T01:04:58.828+0000] {processor.py:161} INFO - Started process (PID=489) to work on /opt/airflow/dags/indusflow_dags.py
[2026-07-09T01:04:58.829+0000] {processor.py:830} INFO - Processing file /opt/airflow/dags/indusflow_dags.py for tasks to queue
[2026-07-09T01:04:58.830+0000] {logging_mixin.py:188} INFO - [2026-07-09T01:04:58.830+0000] {dagbag.py:545} INFO - Filling up the DagBag from /opt/airflow/dags/indusflow_dags.py
[2026-07-09T01:04:58.841+0000] {processor.py:840} INFO - DAG(s) 'indusflow_pipeline' retrieved from /opt/airflow/dags/indusflow_dags.py
[2026-07-09T01:04:58.876+0000] {logging_mixin.py:188} INFO - [2026-07-09T01:04:58.875+0000] {dag.py:3089} INFO - Sync 1 DAGs
[2026-07-09T01:04:58.895+0000] {logging_mixin.py:188} INFO - [2026-07-09T01:04:58.895+0000] {dag.py:3947} INFO - Setting next_dagrun for indusflow_pipeline to 2026-07-09 00:00:00+00:00, run_after=2026-07-10 00:00:00+00:00
[2026-07-09T01:04:58.910+0000] {processor.py:183} INFO - Processing /opt/airflow/dags/indusflow_dags.py took 0.086 seconds
[2026-07-09T01:05:29.030+0000] {processor.py:161} INFO - Started process (PID=567) to work on /opt/airflow/dags/indusflow_dags.py
[2026-07-09T01:05:29.031+0000] {processor.py:830} INFO - Processing file /opt/airflow/dags/indusflow_dags.py for tasks to queue
[2026-07-09T01:05:29.033+0000] {logging_mixin.py:188} INFO - [2026-07-09T01:05:29.032+0000] {dagbag.py:545} INFO - Filling up the DagBag from /opt/airflow/dags/indusflow_dags.py
[2026-07-09T01:05:29.044+0000] {processor.py:840} INFO - DAG(s) 'indusflow_pipeline' retrieved from /opt/airflow/dags/indusflow_dags.py
[2026-07-09T01:05:29.073+0000] {logging_mixin.py:188} INFO - [2026-07-09T01:05:29.072+0000] {dag.py:3089} INFO - Sync 1 DAGs
[2026-07-09T01:05:29.096+0000] {logging_mixin.py:188} INFO - [2026-07-09T01:05:29.096+0000] {dag.py:3947} INFO - Setting next_dagrun for indusflow_pipeline to 2026-07-09 00:00:00+00:00, run_after=2026-07-10 00:00:00+00:00
[2026-07-09T01:05:29.109+0000] {processor.py:183} INFO - Processing /opt/airflow/dags/indusflow_dags.py took 0.086 seconds
[2026-07-09T01:05:59.223+0000] {processor.py:161} INFO - Started process (PID=572) to work on /opt/airflow/dags/indusflow_dags.py
[2026-07-09T01:05:59.224+0000] {processor.py:830} INFO - Processing file /opt/airflow/dags/indusflow_dags.py for tasks to queue
[2026-07-09T01:05:59.226+0000] {logging_mixin.py:188} INFO - [2026-07-09T01:05:59.225+0000] {dagbag.py:545} INFO - Filling up the DagBag from /opt/airflow/dags/indusflow_dags.py
[2026-07-09T01:05:59.235+0000] {processor.py:840} INFO - DAG(s) 'indusflow_pipeline' retrieved from /opt/airflow/dags/indusflow_dags.py
[2026-07-09T01:05:59.264+0000] {logging_mixin.py:188} INFO - [2026-07-09T01:05:59.263+0000] {dag.py:3089} INFO - Sync 1 DAGs
[2026-07-09T01:05:59.282+0000] {logging_mixin.py:188} INFO - [2026-07-09T01:05:59.282+0000] {dag.py:3947} INFO - Setting next_dagrun for indusflow_pipeline to 2026-07-09 00:00:00+00:00, run_after=2026-07-10 00:00:00+00:00
[2026-07-09T01:05:59.300+0000] {processor.py:183} INFO - Processing /opt/airflow/dags/indusflow_dags.py took 0.084 seconds
[2026-07-09T01:06:29.427+0000] {processor.py:161} INFO - Started process (PID=577) to work on /opt/airflow/dags/indusflow_dags.py
[2026-07-09T01:06:29.428+0000] {processor.py:830} INFO - Processing file /opt/airflow/dags/indusflow_dags.py for tasks to queue
[2026-07-09T01:06:29.430+0000] {logging_mixin.py:188} INFO - [2026-07-09T01:06:29.429+0000] {dagbag.py:545} INFO - Filling up the DagBag from /opt/airflow/dags/indusflow_dags.py
[2026-07-09T01:06:29.439+0000] {processor.py:840} INFO - DAG(s) 'indusflow_pipeline' retrieved from /opt/airflow/dags/indusflow_dags.py
[2026-07-09T01:06:29.467+0000] {logging_mixin.py:188} INFO - [2026-07-09T01:06:29.467+0000] {dag.py:3089} INFO - Sync 1 DAGs
[2026-07-09T01:06:29.490+0000] {logging_mixin.py:188} INFO - [2026-07-09T01:06:29.489+0000] {dag.py:3947} INFO - Setting next_dagrun for indusflow_pipeline to 2026-07-09 00:00:00+00:00, run_after=2026-07-10 00:00:00+00:00
[2026-07-09T01:06:29.512+0000] {processor.py:183} INFO - Processing /opt/airflow/dags/indusflow_dags.py took 0.092 seconds
[2026-07-09T01:06:59.611+0000] {processor.py:161} INFO - Started process (PID=582) to work on /opt/airflow/dags/indusflow_dags.py
[2026-07-09T01:06:59.611+0000] {processor.py:830} INFO - Processing file /opt/airflow/dags/indusflow_dags.py for tasks to queue
[2026-07-09T01:06:59.613+0000] {logging_mixin.py:188} INFO - [2026-07-09T01:06:59.613+0000] {dagbag.py:545} INFO - Filling up the DagBag from /opt/airflow/dags/indusflow_dags.py
[2026-07-09T01:06:59.625+0000] {processor.py:840} INFO - DAG(s) 'indusflow_pipeline' retrieved from /opt/airflow/dags/indusflow_dags.py
[2026-07-09T01:06:59.659+0000] {logging_mixin.py:188} INFO - [2026-07-09T01:06:59.658+0000] {dag.py:3089} INFO - Sync 1 DAGs
[2026-07-09T01:06:59.681+0000] {logging_mixin.py:188} INFO - [2026-07-09T01:06:59.681+0000] {dag.py:3947} INFO - Setting next_dagrun for indusflow_pipeline to 2026-07-09 00:00:00+00:00, run_after=2026-07-10 00:00:00+00:00
[2026-07-09T01:06:59.702+0000] {processor.py:183} INFO - Processing /opt/airflow/dags/indusflow_dags.py took 0.100 seconds
[2026-07-09T01:07:29.833+0000] {processor.py:161} INFO - Started process (PID=587) to work on /opt/airflow/dags/indusflow_dags.py
[2026-07-09T01:07:29.833+0000] {processor.py:830} INFO - Processing file /opt/airflow/dags/indusflow_dags.py for tasks to queue
[2026-07-09T01:07:29.835+0000] {logging_mixin.py:188} INFO - [2026-07-09T01:07:29.835+0000] {dagbag.py:545} INFO - Filling up the DagBag from /opt/airflow/dags/indusflow_dags.py
[2026-07-09T01:07:29.846+0000] {processor.py:840} INFO - DAG(s) 'indusflow_pipeline' retrieved from /opt/airflow/dags/indusflow_dags.py
[2026-07-09T01:07:29.870+0000] {logging_mixin.py:188} INFO - [2026-07-09T01:07:29.870+0000] {dag.py:3089} INFO - Sync 1 DAGs
[2026-07-09T01:07:29.889+0000] {logging_mixin.py:188} INFO - [2026-07-09T01:07:29.889+0000] {dag.py:3947} INFO - Setting next_dagrun for indusflow_pipeline to 2026-07-09 00:00:00+00:00, run_after=2026-07-10 00:00:00+00:00
[2026-07-09T01:07:29.909+0000] {processor.py:183} INFO - Processing /opt/airflow/dags/indusflow_dags.py took 0.082 seconds
[2026-07-09T01:08:00.023+0000] {processor.py:161} INFO - Started process (PID=592) to work on /opt/airflow/dags/indusflow_dags.py
[2026-07-09T01:08:00.023+0000] {processor.py:830} INFO - Processing file /opt/airflow/dags/indusflow_dags.py for tasks to queue
[2026-07-09T01:08:00.025+0000] {logging_mixin.py:188} INFO - [2026-07-09T01:08:00.025+0000] {dagbag.py:545} INFO - Filling up the DagBag from /opt/airflow/dags/indusflow_dags.py
[2026-07-09T01:08:00.035+0000] {processor.py:840} INFO - DAG(s) 'indusflow_pipeline' retrieved from /opt/airflow/dags/indusflow_dags.py
[2026-07-09T01:08:00.058+0000] {logging_mixin.py:188} INFO - [2026-07-09T01:08:00.058+0000] {dag.py:3089} INFO - Sync 1 DAGs
[2026-07-09T01:08:00.073+0000] {logging_mixin.py:188} INFO - [2026-07-09T01:08:00.073+0000] {dag.py:3947} INFO - Setting next_dagrun for indusflow_pipeline to 2026-07-09 00:00:00+00:00, run_after=2026-07-10 00:00:00+00:00
[2026-07-09T01:08:00.092+0000] {processor.py:183} INFO - Processing /opt/airflow/dags/indusflow_dags.py took 0.079 seconds
