[2026-07-09T00:27:23.592+0000] {local_task_job_runner.py:120} INFO - ::group::Pre task execution logs
[2026-07-09T00:27:23.618+0000] {taskinstance.py:2076} INFO - Dependencies all met for dep_context=non-requeueable deps ti=<TaskInstance: indusflow_pipeline.clean_data manual__2026-07-09T00:22:22.639233+00:00 [queued]>
[2026-07-09T00:27:23.623+0000] {taskinstance.py:2076} INFO - Dependencies all met for dep_context=requeueable deps ti=<TaskInstance: indusflow_pipeline.clean_data manual__2026-07-09T00:22:22.639233+00:00 [queued]>
[2026-07-09T00:27:23.623+0000] {taskinstance.py:2306} INFO - Starting attempt 2 of 3
[2026-07-09T00:27:23.635+0000] {taskinstance.py:2330} INFO - Executing <Task(BashOperator): clean_data> on 2026-07-09 00:22:22.639233+00:00
[2026-07-09T00:27:23.641+0000] {logging_mixin.py:188} WARNING - /home/airflow/.local/lib/python3.12/site-packages/airflow/task/task_runner/standard_task_runner.py:62 DeprecationWarning: This process (pid=311) is multi-threaded, use of fork() may lead to deadlocks in the child.
[2026-07-09T00:27:23.642+0000] {standard_task_runner.py:64} INFO - Started process 312 to run task
[2026-07-09T00:27:23.640+0000] {standard_task_runner.py:90} INFO - Running: ['airflow', 'tasks', 'run', 'indusflow_pipeline', 'clean_data', 'manual__2026-07-09T00:22:22.639233+00:00', '--job-id', '13', '--raw', '--subdir', 'DAGS_FOLDER/indusflow_dags.py', '--cfg-path', '/tmp/tmpg362p_lc']
[2026-07-09T00:27:23.642+0000] {standard_task_runner.py:91} INFO - Job 13: Subtask clean_data
[2026-07-09T00:27:23.681+0000] {task_command.py:426} INFO - Running <TaskInstance: indusflow_pipeline.clean_data manual__2026-07-09T00:22:22.639233+00:00 [running]> on host 9665aa95fc5b
[2026-07-09T00:27:23.747+0000] {taskinstance.py:2648} INFO - Exporting env vars: AIRFLOW_CTX_DAG_OWNER='indusflow' AIRFLOW_CTX_DAG_ID='indusflow_pipeline' AIRFLOW_CTX_TASK_ID='clean_data' AIRFLOW_CTX_EXECUTION_DATE='2026-07-09T00:22:22.639233+00:00' AIRFLOW_CTX_TRY_NUMBER='2' AIRFLOW_CTX_DAG_RUN_ID='manual__2026-07-09T00:22:22.639233+00:00'
[2026-07-09T00:27:23.747+0000] {taskinstance.py:430} INFO - ::endgroup::
[2026-07-09T00:27:23.758+0000] {subprocess.py:63} INFO - Tmp dir root location: /tmp
[2026-07-09T00:27:23.758+0000] {subprocess.py:75} INFO - Running command: ['/usr/bin/bash', '-c', '\n        cd /opt/airflow/indusflowproject/solution-big-data-indusflow\n        python3 etl/etl_python.py\n        ']
[2026-07-09T00:27:23.765+0000] {subprocess.py:86} INFO - Output:
[2026-07-09T00:27:23.766+0000] {subprocess.py:93} INFO - /usr/bin/bash: line 2: cd: /opt/airflow/indusflowproject/solution-big-data-indusflow: No such file or directory
[2026-07-09T00:27:23.807+0000] {subprocess.py:93} INFO - python3: can't open file '/tmp/airflowtmpzeb9odle/etl/etl_python.py': [Errno 2] No such file or directory
[2026-07-09T00:27:23.810+0000] {subprocess.py:97} INFO - Command exited with return code 2
[2026-07-09T00:27:23.810+0000] {taskinstance.py:441} INFO - ::group::Post task execution logs
[2026-07-09T00:27:23.820+0000] {taskinstance.py:2905} ERROR - Task failed with exception
Traceback (most recent call last):
  File "/home/airflow/.local/lib/python3.12/site-packages/airflow/models/taskinstance.py", line 465, in _execute_task
    result = _execute_callable(context=context, **execute_callable_kwargs)
             ^^^^^^^^^^^^^^^^^^^^^^^^^^^^^^^^^^^^^^^^^^^^^^^^^^^^^^^^^^^^^
  File "/home/airflow/.local/lib/python3.12/site-packages/airflow/models/taskinstance.py", line 432, in _execute_callable
    return execute_callable(context=context, **execute_callable_kwargs)
           ^^^^^^^^^^^^^^^^^^^^^^^^^^^^^^^^^^^^^^^^^^^^^^^^^^^^^^^^^^^^
  File "/home/airflow/.local/lib/python3.12/site-packages/airflow/models/baseoperator.py", line 401, in wrapper
    return func(self, *args, **kwargs)
           ^^^^^^^^^^^^^^^^^^^^^^^^^^^
  File "/home/airflow/.local/lib/python3.12/site-packages/airflow/operators/bash.py", line 243, in execute
    raise AirflowException(
airflow.exceptions.AirflowException: Bash command failed. The command returned a non-zero exit code 2.
[2026-07-09T00:27:23.822+0000] {taskinstance.py:1206} INFO - Marking task as UP_FOR_RETRY. dag_id=indusflow_pipeline, task_id=clean_data, run_id=manual__2026-07-09T00:22:22.639233+00:00, execution_date=20260709T002222, start_date=20260709T002723, end_date=20260709T002723
[2026-07-09T00:27:23.834+0000] {standard_task_runner.py:110} ERROR - Failed to execute job 13 for task clean_data (Bash command failed. The command returned a non-zero exit code 2.; 312)
[2026-07-09T00:27:23.855+0000] {local_task_job_runner.py:243} INFO - Task exited with return code 1
[2026-07-09T00:27:23.876+0000] {taskinstance.py:3503} INFO - 0 downstream tasks scheduled from follow-on schedule check
[2026-07-09T00:27:23.879+0000] {local_task_job_runner.py:222} INFO - ::endgroup::
