[2026-07-09T00:53:34.979+0000] {local_task_job_runner.py:120} INFO - ::group::Pre task execution logs
[2026-07-09T00:53:35.016+0000] {taskinstance.py:2076} INFO - Dependencies all met for dep_context=non-requeueable deps ti=<TaskInstance: indusflow_pipeline.clean_data manual__2026-07-09T00:22:20.179093+00:00 [queued]>
[2026-07-09T00:53:35.023+0000] {taskinstance.py:2076} INFO - Dependencies all met for dep_context=requeueable deps ti=<TaskInstance: indusflow_pipeline.clean_data manual__2026-07-09T00:22:20.179093+00:00 [queued]>
[2026-07-09T00:53:35.023+0000] {taskinstance.py:2306} INFO - Starting attempt 3 of 3
[2026-07-09T00:53:35.036+0000] {taskinstance.py:2330} INFO - Executing <Task(BashOperator): clean_data> on 2026-07-09 00:22:20.179093+00:00
[2026-07-09T00:53:35.041+0000] {standard_task_runner.py:90} INFO - Running: ['airflow', 'tasks', 'run', 'indusflow_pipeline', 'clean_data', 'manual__2026-07-09T00:22:20.179093+00:00', '--job-id', '21', '--raw', '--subdir', 'DAGS_FOLDER/indusflow_dags.py', '--cfg-path', '/tmp/tmp15thfxs5']
[2026-07-09T00:53:35.043+0000] {standard_task_runner.py:91} INFO - Job 21: Subtask clean_data
[2026-07-09T00:53:35.046+0000] {logging_mixin.py:188} WARNING - /home/airflow/.local/lib/python3.12/site-packages/airflow/task/task_runner/standard_task_runner.py:62 DeprecationWarning: This process (pid=210) is multi-threaded, use of fork() may lead to deadlocks in the child.
[2026-07-09T00:53:35.047+0000] {standard_task_runner.py:64} INFO - Started process 215 to run task
[2026-07-09T00:53:35.094+0000] {task_command.py:426} INFO - Running <TaskInstance: indusflow_pipeline.clean_data manual__2026-07-09T00:22:20.179093+00:00 [running]> on host 9665aa95fc5b
[2026-07-09T00:53:35.178+0000] {taskinstance.py:2648} INFO - Exporting env vars: AIRFLOW_CTX_DAG_OWNER='indusflow' AIRFLOW_CTX_DAG_ID='indusflow_pipeline' AIRFLOW_CTX_TASK_ID='clean_data' AIRFLOW_CTX_EXECUTION_DATE='2026-07-09T00:22:20.179093+00:00' AIRFLOW_CTX_TRY_NUMBER='3' AIRFLOW_CTX_DAG_RUN_ID='manual__2026-07-09T00:22:20.179093+00:00'
[2026-07-09T00:53:35.179+0000] {taskinstance.py:430} INFO - ::endgroup::
[2026-07-09T00:53:35.195+0000] {subprocess.py:63} INFO - Tmp dir root location: /tmp
[2026-07-09T00:53:35.196+0000] {subprocess.py:75} INFO - Running command: ['/usr/bin/bash', '-c', '\n        cd /opt/airflow\n        python3 /opt/airflow/etl/etl_python.py\n        ']
[2026-07-09T00:53:35.202+0000] {subprocess.py:86} INFO - Output:
[2026-07-09T00:53:35.941+0000] {subprocess.py:93} INFO - Traceback (most recent call last):
[2026-07-09T00:53:35.941+0000] {subprocess.py:93} INFO -   File "/opt/airflow/etl/etl_python.py", line 14, in <module>
[2026-07-09T00:53:35.942+0000] {subprocess.py:93} INFO -     df.to_csv("data_clean/" + file, index=False)
[2026-07-09T00:53:35.942+0000] {subprocess.py:93} INFO -   File "/home/airflow/.local/lib/python3.12/site-packages/pandas/core/generic.py", line 3902, in to_csv
[2026-07-09T00:53:35.942+0000] {subprocess.py:93} INFO -     return DataFrameRenderer(formatter).to_csv(
[2026-07-09T00:53:35.942+0000] {subprocess.py:93} INFO -            ^^^^^^^^^^^^^^^^^^^^^^^^^^^^^^^^^^^^
[2026-07-09T00:53:35.942+0000] {subprocess.py:93} INFO -   File "/home/airflow/.local/lib/python3.12/site-packages/pandas/io/formats/format.py", line 1152, in to_csv
[2026-07-09T00:53:35.942+0000] {subprocess.py:93} INFO -     csv_formatter.save()
[2026-07-09T00:53:35.943+0000] {subprocess.py:93} INFO -   File "/home/airflow/.local/lib/python3.12/site-packages/pandas/io/formats/csvs.py", line 247, in save
[2026-07-09T00:53:35.943+0000] {subprocess.py:93} INFO -     with get_handle(
[2026-07-09T00:53:35.943+0000] {subprocess.py:93} INFO -          ^^^^^^^^^^^
[2026-07-09T00:53:35.943+0000] {subprocess.py:93} INFO -   File "/home/airflow/.local/lib/python3.12/site-packages/pandas/io/common.py", line 863, in get_handle
[2026-07-09T00:53:35.943+0000] {subprocess.py:93} INFO -     handle = open(
[2026-07-09T00:53:35.943+0000] {subprocess.py:93} INFO -              ^^^^^
[2026-07-09T00:53:35.943+0000] {subprocess.py:93} INFO - PermissionError: [Errno 13] Permission denied: 'data_clean/acces_utilisateurs.csv'
[2026-07-09T00:53:36.006+0000] {subprocess.py:97} INFO - Command exited with return code 1
[2026-07-09T00:53:36.007+0000] {taskinstance.py:441} INFO - ::group::Post task execution logs
[2026-07-09T00:53:36.016+0000] {taskinstance.py:2905} ERROR - Task failed with exception
Traceback (most recent call last):
  File "/home/airflow/.local/lib/python3.12/site-packages/airflow/models/taskinstance.py", line 465, in _execute_task
    result = _execute_callable(context=context, **execute_callable_kwargs)
             ^^^^^^^^^^^^^^^^^^^^^^^^^^^^^^^^^^^^^^^^^^^^^^^^^^^^^^^^^^^^^
  File "/home/airflow/.local/lib/python3.12/site-packages/airflow/models/taskinstance.py", line 432, in _execute_callable
    return execute_callable(context=context, **execute_callable_kwargs)
           ^^^^^^^^^^^^^^^^^^^^^^^^^^^^^^^^^^^^^^^^^^^^^^^^^^^^^^^^^^^^
  File "/home/airflow/.local/lib/python3.12/site-packages/airflow/models/baseoperator.py", line 401, in wrapper
    return func(self, *args, **kwargs)
           ^^^^^^^^^^^^^^^^^^^^^^^^^^^
  File "/home/airflow/.local/lib/python3.12/site-packages/airflow/operators/bash.py", line 243, in execute
    raise AirflowException(
airflow.exceptions.AirflowException: Bash command failed. The command returned a non-zero exit code 1.
[2026-07-09T00:53:36.021+0000] {taskinstance.py:1206} INFO - Marking task as FAILED. dag_id=indusflow_pipeline, task_id=clean_data, run_id=manual__2026-07-09T00:22:20.179093+00:00, execution_date=20260709T002220, start_date=20260709T005335, end_date=20260709T005336
[2026-07-09T00:53:36.030+0000] {standard_task_runner.py:110} ERROR - Failed to execute job 21 for task clean_data (Bash command failed. The command returned a non-zero exit code 1.; 215)
[2026-07-09T00:53:36.064+0000] {local_task_job_runner.py:243} INFO - Task exited with return code 1
[2026-07-09T00:53:36.088+0000] {taskinstance.py:3503} INFO - 0 downstream tasks scheduled from follow-on schedule check
[2026-07-09T00:53:36.093+0000] {local_task_job_runner.py:222} INFO - ::endgroup::
