[2026-07-09T01:05:20.143+0000] {local_task_job_runner.py:120} INFO - ::group::Pre task execution logs
[2026-07-09T01:05:20.169+0000] {taskinstance.py:2076} INFO - Dependencies all met for dep_context=non-requeueable deps ti=<TaskInstance: indusflow_pipeline.load_postgresql manual__2026-07-09T00:53:57.855183+00:00 [queued]>
[2026-07-09T01:05:20.180+0000] {taskinstance.py:2076} INFO - Dependencies all met for dep_context=requeueable deps ti=<TaskInstance: indusflow_pipeline.load_postgresql manual__2026-07-09T00:53:57.855183+00:00 [queued]>
[2026-07-09T01:05:20.181+0000] {taskinstance.py:2306} INFO - Starting attempt 1 of 3
[2026-07-09T01:05:20.203+0000] {taskinstance.py:2330} INFO - Executing <Task(BashOperator): load_postgresql> on 2026-07-09 00:53:57.855183+00:00
[2026-07-09T01:05:20.214+0000] {standard_task_runner.py:90} INFO - Running: ['airflow', 'tasks', 'run', 'indusflow_pipeline', 'load_postgresql', 'manual__2026-07-09T00:53:57.855183+00:00', '--job-id', '29', '--raw', '--subdir', 'DAGS_FOLDER/indusflow_dags.py', '--cfg-path', '/tmp/tmp583gciiu']
[2026-07-09T01:05:20.218+0000] {standard_task_runner.py:91} INFO - Job 29: Subtask load_postgresql
[2026-07-09T01:05:20.230+0000] {logging_mixin.py:188} WARNING - /home/airflow/.local/lib/python3.12/site-packages/airflow/task/task_runner/standard_task_runner.py:62 DeprecationWarning: This process (pid=519) is multi-threaded, use of fork() may lead to deadlocks in the child.
[2026-07-09T01:05:20.232+0000] {standard_task_runner.py:64} INFO - Started process 521 to run task
[2026-07-09T01:05:20.271+0000] {task_command.py:426} INFO - Running <TaskInstance: indusflow_pipeline.load_postgresql manual__2026-07-09T00:53:57.855183+00:00 [running]> on host 2c929e3e78c6
[2026-07-09T01:05:20.342+0000] {taskinstance.py:2648} INFO - Exporting env vars: AIRFLOW_CTX_DAG_OWNER='indusflow' AIRFLOW_CTX_DAG_ID='indusflow_pipeline' AIRFLOW_CTX_TASK_ID='load_postgresql' AIRFLOW_CTX_EXECUTION_DATE='2026-07-09T00:53:57.855183+00:00' AIRFLOW_CTX_TRY_NUMBER='1' AIRFLOW_CTX_DAG_RUN_ID='manual__2026-07-09T00:53:57.855183+00:00'
[2026-07-09T01:05:20.343+0000] {taskinstance.py:430} INFO - ::endgroup::
[2026-07-09T01:05:20.354+0000] {subprocess.py:63} INFO - Tmp dir root location: /tmp
[2026-07-09T01:05:20.355+0000] {subprocess.py:75} INFO - Running command: ['/usr/bin/bash', '-c', '\n        cd /opt/airflow\n        python3 /opt/airflow/etl/etl_postgresql.py\n        ']
[2026-07-09T01:05:20.362+0000] {subprocess.py:86} INFO - Output:
[2026-07-09T01:05:21.241+0000] {subprocess.py:93} INFO - Fichier absent : cycles_production_bloc3_propre.csv
[2026-07-09T01:05:21.241+0000] {subprocess.py:93} INFO - Fichier absent : cameras_qualite_bloc3_propre.csv
[2026-07-09T01:05:21.241+0000] {subprocess.py:93} INFO - Fichier absent : maintenance_machines_bloc3_propre.csv
[2026-07-09T01:05:21.242+0000] {subprocess.py:93} INFO - Fichier absent : logs_erreurs_machines_bloc3_propre.csv
[2026-07-09T01:05:21.242+0000] {subprocess.py:93} INFO - Fichier absent : capteurs_machines_bloc3_propre.csv
[2026-07-09T01:05:21.242+0000] {subprocess.py:93} INFO - Fichier absent : planning_production_bloc3_propre.csv
[2026-07-09T01:05:21.242+0000] {subprocess.py:93} INFO - Fichier absent : logs_jobs_airflow.csv
[2026-07-09T01:05:21.242+0000] {subprocess.py:93} INFO - Fichier absent : alertes_monitoring.csv
[2026-07-09T01:05:21.242+0000] {subprocess.py:93} INFO - Fichier absent : usines_bloc3_propre.csv
[2026-07-09T01:05:21.243+0000] {subprocess.py:93} INFO - ETL PostgreSQL terminé
[2026-07-09T01:05:21.324+0000] {subprocess.py:97} INFO - Command exited with return code 0
[2026-07-09T01:05:21.325+0000] {taskinstance.py:441} INFO - ::group::Post task execution logs
[2026-07-09T01:05:21.353+0000] {taskinstance.py:1206} INFO - Marking task as SUCCESS. dag_id=indusflow_pipeline, task_id=load_postgresql, run_id=manual__2026-07-09T00:53:57.855183+00:00, execution_date=20260709T005357, start_date=20260709T010520, end_date=20260709T010521
[2026-07-09T01:05:21.373+0000] {local_task_job_runner.py:243} INFO - Task exited with return code 0
[2026-07-09T01:05:21.398+0000] {taskinstance.py:3503} INFO - 1 downstream tasks scheduled from follow-on schedule check
[2026-07-09T01:05:21.401+0000] {local_task_job_runner.py:222} INFO - ::endgroup::
