[2026-07-09T01:05:22.322+0000] {local_task_job_runner.py:120} INFO - ::group::Pre task execution logs
[2026-07-09T01:05:22.348+0000] {taskinstance.py:2076} INFO - Dependencies all met for dep_context=non-requeueable deps ti=<TaskInstance: indusflow_pipeline.generate_kpi manual__2026-07-09T00:51:21.018742+00:00 [queued]>
[2026-07-09T01:05:22.354+0000] {taskinstance.py:2076} INFO - Dependencies all met for dep_context=requeueable deps ti=<TaskInstance: indusflow_pipeline.generate_kpi manual__2026-07-09T00:51:21.018742+00:00 [queued]>
[2026-07-09T01:05:22.354+0000] {taskinstance.py:2306} INFO - Starting attempt 1 of 3
[2026-07-09T01:05:22.367+0000] {taskinstance.py:2330} INFO - Executing <Task(BashOperator): generate_kpi> on 2026-07-09 00:51:21.018742+00:00
[2026-07-09T01:05:22.372+0000] {standard_task_runner.py:90} INFO - Running: ['airflow', 'tasks', 'run', 'indusflow_pipeline', 'generate_kpi', 'manual__2026-07-09T00:51:21.018742+00:00', '--job-id', '31', '--raw', '--subdir', 'DAGS_FOLDER/indusflow_dags.py', '--cfg-path', '/tmp/tmpls1lfr_k']
[2026-07-09T01:05:22.374+0000] {standard_task_runner.py:91} INFO - Job 31: Subtask generate_kpi
[2026-07-09T01:05:22.375+0000] {logging_mixin.py:188} WARNING - /home/airflow/.local/lib/python3.12/site-packages/airflow/task/task_runner/standard_task_runner.py:62 DeprecationWarning: This process (pid=544) is multi-threaded, use of fork() may lead to deadlocks in the child.
[2026-07-09T01:05:22.376+0000] {standard_task_runner.py:64} INFO - Started process 545 to run task
[2026-07-09T01:05:22.424+0000] {task_command.py:426} INFO - Running <TaskInstance: indusflow_pipeline.generate_kpi manual__2026-07-09T00:51:21.018742+00:00 [running]> on host 2c929e3e78c6
[2026-07-09T01:05:22.503+0000] {taskinstance.py:2648} INFO - Exporting env vars: AIRFLOW_CTX_DAG_OWNER='indusflow' AIRFLOW_CTX_DAG_ID='indusflow_pipeline' AIRFLOW_CTX_TASK_ID='generate_kpi' AIRFLOW_CTX_EXECUTION_DATE='2026-07-09T00:51:21.018742+00:00' AIRFLOW_CTX_TRY_NUMBER='1' AIRFLOW_CTX_DAG_RUN_ID='manual__2026-07-09T00:51:21.018742+00:00'
[2026-07-09T01:05:22.504+0000] {taskinstance.py:430} INFO - ::endgroup::
[2026-07-09T01:05:22.523+0000] {subprocess.py:63} INFO - Tmp dir root location: /tmp
[2026-07-09T01:05:22.524+0000] {subprocess.py:75} INFO - Running command: ['/usr/bin/bash', '-c', '\n        cd /opt/airflow\n        python3 /opt/airflow/kpi_postgresql.py\n        ']
[2026-07-09T01:05:22.529+0000] {subprocess.py:86} INFO - Output:
[2026-07-09T01:05:23.391+0000] {subprocess.py:93} INFO - Traceback (most recent call last):
[2026-07-09T01:05:23.391+0000] {subprocess.py:93} INFO -   File "/opt/airflow/kpi_postgresql.py", line 23, in <module>
[2026-07-09T01:05:23.391+0000] {subprocess.py:93} INFO -     import matplotlib as plt
[2026-07-09T01:05:23.391+0000] {subprocess.py:93} INFO - ModuleNotFoundError: No module named 'matplotlib'
[2026-07-09T01:05:23.481+0000] {subprocess.py:97} INFO - Command exited with return code 1
[2026-07-09T01:05:23.482+0000] {taskinstance.py:441} INFO - ::group::Post task execution logs
[2026-07-09T01:05:23.495+0000] {taskinstance.py:2905} ERROR - Task failed with exception
Traceback (most recent call last):
  File "/home/airflow/.local/lib/python3.12/site-packages/airflow/models/taskinstance.py", line 465, in _execute_task
    result = _execute_callable(context=context, **execute_callable_kwargs)
             ^^^^^^^^^^^^^^^^^^^^^^^^^^^^^^^^^^^^^^^^^^^^^^^^^^^^^^^^^^^^^
  File "/home/airflow/.local/lib/python3.12/site-packages/airflow/models/taskinstance.py", line 432, in _execute_callable
    return execute_callable(context=context, **execute_callable_kwargs)
           ^^^^^^^^^^^^^^^^^^^^^^^^^^^^^^^^^^^^^^^^^^^^^^^^^^^^^^^^^^^^
  File "/home/airflow/.local/lib/python3.12/site-packages/airflow/models/baseoperator.py", line 401, in wrapper
    return func(self, *args, **kwargs)
           ^^^^^^^^^^^^^^^^^^^^^^^^^^^
  File "/home/airflow/.local/lib/python3.12/site-packages/airflow/operators/bash.py", line 243, in execute
    raise AirflowException(
airflow.exceptions.AirflowException: Bash command failed. The command returned a non-zero exit code 1.
[2026-07-09T01:05:23.500+0000] {taskinstance.py:1206} INFO - Marking task as UP_FOR_RETRY. dag_id=indusflow_pipeline, task_id=generate_kpi, run_id=manual__2026-07-09T00:51:21.018742+00:00, execution_date=20260709T005121, start_date=20260709T010522, end_date=20260709T010523
[2026-07-09T01:05:23.515+0000] {standard_task_runner.py:110} ERROR - Failed to execute job 31 for task generate_kpi (Bash command failed. The command returned a non-zero exit code 1.; 545)
[2026-07-09T01:05:23.554+0000] {local_task_job_runner.py:243} INFO - Task exited with return code 1
[2026-07-09T01:05:23.571+0000] {taskinstance.py:3503} INFO - 0 downstream tasks scheduled from follow-on schedule check
[2026-07-09T01:05:23.574+0000] {local_task_job_runner.py:222} INFO - ::endgroup::
