[2026-07-09T00:21:18.268+0000] {local_task_job_runner.py:120} INFO - ::group::Pre task execution logs
[2026-07-09T00:21:18.307+0000] {taskinstance.py:2076} INFO - Dependencies all met for dep_context=non-requeueable deps ti=<TaskInstance: indusflow_pipeline.clean_data manual__2026-07-09T00:18:40.316442+00:00 [queued]>
[2026-07-09T00:21:18.315+0000] {taskinstance.py:2076} INFO - Dependencies all met for dep_context=requeueable deps ti=<TaskInstance: indusflow_pipeline.clean_data manual__2026-07-09T00:18:40.316442+00:00 [queued]>
[2026-07-09T00:21:18.315+0000] {taskinstance.py:2306} INFO - Starting attempt 1 of 3
[2026-07-09T00:21:18.331+0000] {taskinstance.py:2330} INFO - Executing <Task(BashOperator): clean_data> on 2026-07-09 00:18:40.316442+00:00
[2026-07-09T00:21:18.339+0000] {logging_mixin.py:188} WARNING - /home/airflow/.local/lib/python3.12/site-packages/airflow/task/task_runner/standard_task_runner.py:62 DeprecationWarning: This process (pid=207) is multi-threaded, use of fork() may lead to deadlocks in the child.
[2026-07-09T00:21:18.337+0000] {standard_task_runner.py:90} INFO - Running: ['airflow', 'tasks', 'run', 'indusflow_pipeline', 'clean_data', 'manual__2026-07-09T00:18:40.316442+00:00', '--job-id', '5', '--raw', '--subdir', 'DAGS_FOLDER/indusflow_dags.py', '--cfg-path', '/tmp/tmpox2qbqmv']
[2026-07-09T00:21:18.339+0000] {standard_task_runner.py:64} INFO - Started process 214 to run task
[2026-07-09T00:21:18.339+0000] {standard_task_runner.py:91} INFO - Job 5: Subtask clean_data
[2026-07-09T00:21:18.400+0000] {task_command.py:426} INFO - Running <TaskInstance: indusflow_pipeline.clean_data manual__2026-07-09T00:18:40.316442+00:00 [running]> on host 9665aa95fc5b
[2026-07-09T00:21:18.524+0000] {taskinstance.py:2648} INFO - Exporting env vars: AIRFLOW_CTX_DAG_OWNER='indusflow' AIRFLOW_CTX_DAG_ID='indusflow_pipeline' AIRFLOW_CTX_TASK_ID='clean_data' AIRFLOW_CTX_EXECUTION_DATE='2026-07-09T00:18:40.316442+00:00' AIRFLOW_CTX_TRY_NUMBER='1' AIRFLOW_CTX_DAG_RUN_ID='manual__2026-07-09T00:18:40.316442+00:00'
[2026-07-09T00:21:18.525+0000] {taskinstance.py:430} INFO - ::endgroup::
[2026-07-09T00:21:18.537+0000] {subprocess.py:63} INFO - Tmp dir root location: /tmp
[2026-07-09T00:21:18.538+0000] {subprocess.py:75} INFO - Running command: ['/usr/bin/bash', '-c', '\n        cd /opt/airflow/indusflowproject/solution-big-data-indusflow\n        python3 etl/etl_python.py\n        ']
[2026-07-09T00:21:18.545+0000] {subprocess.py:86} INFO - Output:
[2026-07-09T00:21:18.546+0000] {subprocess.py:93} INFO - /usr/bin/bash: line 2: cd: /opt/airflow/indusflowproject/solution-big-data-indusflow: No such file or directory
[2026-07-09T00:21:18.594+0000] {subprocess.py:93} INFO - python3: can't open file '/tmp/airflowtmp2ia1wlma/etl/etl_python.py': [Errno 2] No such file or directory
[2026-07-09T00:21:18.597+0000] {subprocess.py:97} INFO - Command exited with return code 2
[2026-07-09T00:21:18.598+0000] {taskinstance.py:441} INFO - ::group::Post task execution logs
[2026-07-09T00:21:18.609+0000] {taskinstance.py:2905} ERROR - Task failed with exception
Traceback (most recent call last):
  File "/home/airflow/.local/lib/python3.12/site-packages/airflow/models/taskinstance.py", line 465, in _execute_task
    result = _execute_callable(context=context, **execute_callable_kwargs)
             ^^^^^^^^^^^^^^^^^^^^^^^^^^^^^^^^^^^^^^^^^^^^^^^^^^^^^^^^^^^^^
  File "/home/airflow/.local/lib/python3.12/site-packages/airflow/models/taskinstance.py", line 432, in _execute_callable
    return execute_callable(context=context, **execute_callable_kwargs)
           ^^^^^^^^^^^^^^^^^^^^^^^^^^^^^^^^^^^^^^^^^^^^^^^^^^^^^^^^^^^^
  File "/home/airflow/.local/lib/python3.12/site-packages/airflow/models/baseoperator.py", line 401, in wrapper
    return func(self, *args, **kwargs)
           ^^^^^^^^^^^^^^^^^^^^^^^^^^^
  File "/home/airflow/.local/lib/python3.12/site-packages/airflow/operators/bash.py", line 243, in execute
    raise AirflowException(
airflow.exceptions.AirflowException: Bash command failed. The command returned a non-zero exit code 2.
[2026-07-09T00:21:18.614+0000] {taskinstance.py:1206} INFO - Marking task as UP_FOR_RETRY. dag_id=indusflow_pipeline, task_id=clean_data, run_id=manual__2026-07-09T00:18:40.316442+00:00, execution_date=20260709T001840, start_date=20260709T002118, end_date=20260709T002118
[2026-07-09T00:21:18.629+0000] {standard_task_runner.py:110} ERROR - Failed to execute job 5 for task clean_data (Bash command failed. The command returned a non-zero exit code 2.; 214)
[2026-07-09T00:21:18.634+0000] {local_task_job_runner.py:243} INFO - Task exited with return code 1
[2026-07-09T00:21:18.654+0000] {taskinstance.py:3503} INFO - 0 downstream tasks scheduled from follow-on schedule check
[2026-07-09T00:21:18.656+0000] {local_task_job_runner.py:222} INFO - ::endgroup::
