[2026-07-09T00:21:17.795+0000] {manager.py:470} INFO - Processing files using up to 2 processes at a time 
[2026-07-09T00:21:17.795+0000] {manager.py:471} INFO - Process each file at most once every 30 seconds
[2026-07-09T00:21:17.795+0000] {manager.py:472} INFO - Checking for new files in /opt/airflow/dags every 300 seconds
[2026-07-09T00:21:17.795+0000] {manager.py:737} INFO - Searching for files in /opt/airflow/dags
[2026-07-09T00:21:17.796+0000] {manager.py:740} INFO - There are 1 files in /opt/airflow/dags
[2026-07-09T00:21:17.930+0000] {manager.py:878} INFO - 
================================================================================
DAG File Processing Stats

File Path                              PID  Runtime      # DAGs    # Errors  Last Runtime    Last Run
-----------------------------------  -----  ---------  --------  ----------  --------------  ----------
/opt/airflow/dags/indusflow_dags.py    201  0.08s             0           0
================================================================================
[2026-07-09T00:21:48.102+0000] {manager.py:878} INFO - 
================================================================================
DAG File Processing Stats

File Path                              PID  Runtime      # DAGs    # Errors  Last Runtime    Last Run
-----------------------------------  -----  ---------  --------  ----------  --------------  -------------------
/opt/airflow/dags/indusflow_dags.py    223  0.00s             1           0  0.23s           2026-07-09T00:21:18
================================================================================
[2026-07-09T00:22:18.274+0000] {manager.py:878} INFO - 
================================================================================
DAG File Processing Stats

File Path                              PID  Runtime      # DAGs    # Errors  Last Runtime    Last Run
-----------------------------------  -----  ---------  --------  ----------  --------------  -------------------
/opt/airflow/dags/indusflow_dags.py    228  0.00s             1           0  0.09s           2026-07-09T00:21:48
================================================================================
[2026-07-09T00:22:48.501+0000] {manager.py:878} INFO - 
================================================================================
DAG File Processing Stats

File Path                              PID  Runtime      # DAGs    # Errors  Last Runtime    Last Run
-----------------------------------  -----  ---------  --------  ----------  --------------  -------------------
/opt/airflow/dags/indusflow_dags.py    241  0.01s             1           0  0.10s           2026-07-09T00:22:18
================================================================================
[2026-07-09T00:23:18.686+0000] {manager.py:878} INFO - 
================================================================================
DAG File Processing Stats

File Path                              PID  Runtime      # DAGs    # Errors  Last Runtime    Last Run
-----------------------------------  -----  ---------  --------  ----------  --------------  -------------------
/opt/airflow/dags/indusflow_dags.py    246  0.00s             1           0  0.09s           2026-07-09T00:22:48
================================================================================
[2026-07-09T00:23:48.888+0000] {manager.py:878} INFO - 
================================================================================
DAG File Processing Stats

File Path                              PID  Runtime      # DAGs    # Errors  Last Runtime    Last Run
-----------------------------------  -----  ---------  --------  ----------  --------------  -------------------
/opt/airflow/dags/indusflow_dags.py    251  0.00s             1           0  0.08s           2026-07-09T00:23:18
================================================================================
[2026-07-09T00:24:19.070+0000] {manager.py:878} INFO - 
================================================================================
DAG File Processing Stats

File Path                              PID  Runtime      # DAGs    # Errors  Last Runtime    Last Run
-----------------------------------  -----  ---------  --------  ----------  --------------  -------------------
/opt/airflow/dags/indusflow_dags.py    256  0.00s             1           0  0.09s           2026-07-09T00:23:48
================================================================================
[2026-07-09T00:24:49.281+0000] {manager.py:878} INFO - 
================================================================================
DAG File Processing Stats

File Path                              PID  Runtime      # DAGs    # Errors  Last Runtime    Last Run
-----------------------------------  -----  ---------  --------  ----------  --------------  -------------------
/opt/airflow/dags/indusflow_dags.py    261  0.01s             1           0  0.11s           2026-07-09T00:24:19
================================================================================
[2026-07-09T00:25:19.446+0000] {manager.py:878} INFO - 
================================================================================
DAG File Processing Stats

File Path                              PID  Runtime      # DAGs    # Errors  Last Runtime    Last Run
-----------------------------------  -----  ---------  --------  ----------  --------------  -------------------
/opt/airflow/dags/indusflow_dags.py    266  0.00s             1           0  0.11s           2026-07-09T00:24:49
================================================================================
[2026-07-09T00:25:49.694+0000] {manager.py:878} INFO - 
================================================================================
DAG File Processing Stats

File Path                              PID  Runtime      # DAGs    # Errors  Last Runtime    Last Run
-----------------------------------  -----  ---------  --------  ----------  --------------  -------------------
/opt/airflow/dags/indusflow_dags.py    271  0.00s             1           0  0.12s           2026-07-09T00:25:19
================================================================================
[2026-07-09T00:26:17.852+0000] {manager.py:737} INFO - Searching for files in /opt/airflow/dags
[2026-07-09T00:26:17.854+0000] {manager.py:740} INFO - There are 1 files in /opt/airflow/dags
[2026-07-09T00:26:19.890+0000] {manager.py:878} INFO - 
================================================================================
DAG File Processing Stats

File Path                              PID  Runtime      # DAGs    # Errors  Last Runtime    Last Run
-----------------------------------  -----  ---------  --------  ----------  --------------  -------------------
/opt/airflow/dags/indusflow_dags.py    292  0.00s             1           0  0.10s           2026-07-09T00:25:49
================================================================================
[2026-07-09T00:26:50.090+0000] {manager.py:878} INFO - 
================================================================================
DAG File Processing Stats

File Path                              PID  Runtime      # DAGs    # Errors  Last Runtime    Last Run
-----------------------------------  -----  ---------  --------  ----------  --------------  -------------------
/opt/airflow/dags/indusflow_dags.py    297  0.00s             1           0  0.08s           2026-07-09T00:26:19
================================================================================
[2026-07-09T00:27:20.287+0000] {manager.py:878} INFO - 
================================================================================
DAG File Processing Stats

File Path                              PID  Runtime      # DAGs    # Errors  Last Runtime    Last Run
-----------------------------------  -----  ---------  --------  ----------  --------------  -------------------
/opt/airflow/dags/indusflow_dags.py    302  0.00s             1           0  0.10s           2026-07-09T00:26:50
================================================================================
[2026-07-09T00:27:50.520+0000] {manager.py:878} INFO - 
================================================================================
DAG File Processing Stats

File Path                              PID  Runtime      # DAGs    # Errors  Last Runtime    Last Run
-----------------------------------  -----  ---------  --------  ----------  --------------  -------------------
/opt/airflow/dags/indusflow_dags.py    315  0.00s             1           0  0.11s           2026-07-09T00:27:20
================================================================================
[2026-07-09T00:28:20.712+0000] {manager.py:878} INFO - 
================================================================================
DAG File Processing Stats

File Path                              PID  Runtime      # DAGs    # Errors  Last Runtime    Last Run
-----------------------------------  -----  ---------  --------  ----------  --------------  -------------------
/opt/airflow/dags/indusflow_dags.py    320  0.00s             1           0  0.08s           2026-07-09T00:27:50
================================================================================
[2026-07-09T00:28:50.893+0000] {manager.py:878} INFO - 
================================================================================
DAG File Processing Stats

File Path                              PID  Runtime      # DAGs    # Errors  Last Runtime    Last Run
-----------------------------------  -----  ---------  --------  ----------  --------------  -------------------
/opt/airflow/dags/indusflow_dags.py    325  0.00s             1           0  0.08s           2026-07-09T00:28:20
================================================================================
[2026-07-09T00:29:21.076+0000] {manager.py:878} INFO - 
================================================================================
DAG File Processing Stats

File Path                              PID  Runtime      # DAGs    # Errors  Last Runtime    Last Run
-----------------------------------  -----  ---------  --------  ----------  --------------  -------------------
/opt/airflow/dags/indusflow_dags.py    330  0.00s             1           0  0.11s           2026-07-09T00:28:50
================================================================================
[2026-07-09T00:29:51.302+0000] {manager.py:878} INFO - 
================================================================================
DAG File Processing Stats

File Path                              PID  Runtime      # DAGs    # Errors  Last Runtime    Last Run
-----------------------------------  -----  ---------  --------  ----------  --------------  -------------------
/opt/airflow/dags/indusflow_dags.py    335  0.00s             1           0  0.12s           2026-07-09T00:29:21
================================================================================
[2026-07-09T00:30:21.500+0000] {manager.py:878} INFO - 
================================================================================
DAG File Processing Stats

File Path                              PID  Runtime      # DAGs    # Errors  Last Runtime    Last Run
-----------------------------------  -----  ---------  --------  ----------  --------------  -------------------
/opt/airflow/dags/indusflow_dags.py    340  0.00s             1           0  0.12s           2026-07-09T00:29:51
================================================================================
[2026-07-09T00:30:51.717+0000] {manager.py:878} INFO - 
================================================================================
DAG File Processing Stats

File Path                              PID  Runtime      # DAGs    # Errors  Last Runtime    Last Run
-----------------------------------  -----  ---------  --------  ----------  --------------  -------------------
/opt/airflow/dags/indusflow_dags.py    345  0.00s             1           0  0.12s           2026-07-09T00:30:21
================================================================================
[2026-07-09T00:31:17.880+0000] {manager.py:737} INFO - Searching for files in /opt/airflow/dags
[2026-07-09T00:31:17.882+0000] {manager.py:740} INFO - There are 1 files in /opt/airflow/dags
[2026-07-09T00:31:21.912+0000] {manager.py:878} INFO - 
================================================================================
DAG File Processing Stats

File Path                              PID  Runtime      # DAGs    # Errors  Last Runtime    Last Run
-----------------------------------  -----  ---------  --------  ----------  --------------  -------------------
/opt/airflow/dags/indusflow_dags.py    366  0.00s             1           0  0.10s           2026-07-09T00:30:51
================================================================================
[2026-07-09T00:31:52.105+0000] {manager.py:878} INFO - 
================================================================================
DAG File Processing Stats

File Path                              PID  Runtime      # DAGs    # Errors  Last Runtime    Last Run
-----------------------------------  -----  ---------  --------  ----------  --------------  -------------------
/opt/airflow/dags/indusflow_dags.py    371  0.00s             1           0  0.08s           2026-07-09T00:31:21
================================================================================
[2026-07-09T00:32:12.408+0000] {manager.py:452} INFO - Exiting gracefully upon receiving signal 15
[2026-07-09T00:53:34.717+0000] {manager.py:470} INFO - Processing files using up to 2 processes at a time 
[2026-07-09T00:53:34.718+0000] {manager.py:471} INFO - Process each file at most once every 30 seconds
[2026-07-09T00:53:34.718+0000] {manager.py:472} INFO - Checking for new files in /opt/airflow/dags every 300 seconds
[2026-07-09T00:53:34.719+0000] {manager.py:737} INFO - Searching for files in /opt/airflow/dags
[2026-07-09T00:53:34.720+0000] {manager.py:740} INFO - There are 1 files in /opt/airflow/dags
[2026-07-09T00:53:34.780+0000] {manager.py:878} INFO - 
================================================================================
DAG File Processing Stats

File Path                              PID  Runtime      # DAGs    # Errors  Last Runtime    Last Run
-----------------------------------  -----  ---------  --------  ----------  --------------  ----------
/opt/airflow/dags/indusflow_dags.py    204  0.03s             0           0
================================================================================
[2026-07-09T00:54:04.938+0000] {manager.py:878} INFO - 
================================================================================
DAG File Processing Stats

File Path                            PID    Runtime      # DAGs    # Errors  Last Runtime    Last Run
-----------------------------------  -----  ---------  --------  ----------  --------------  -------------------
/opt/airflow/dags/indusflow_dags.py                           1           0  0.20s           2026-07-09T00:53:34
================================================================================
[2026-07-09T00:54:35.267+0000] {manager.py:878} INFO - 
================================================================================
DAG File Processing Stats

File Path                              PID  Runtime      # DAGs    # Errors  Last Runtime    Last Run
-----------------------------------  -----  ---------  --------  ----------  --------------  -------------------
/opt/airflow/dags/indusflow_dags.py    263  0.00s             1           0  0.09s           2026-07-09T00:54:05
================================================================================
[2026-07-09T00:55:05.481+0000] {manager.py:878} INFO - 
================================================================================
DAG File Processing Stats

File Path                              PID  Runtime      # DAGs    # Errors  Last Runtime    Last Run
-----------------------------------  -----  ---------  --------  ----------  --------------  -------------------
/opt/airflow/dags/indusflow_dags.py    268  0.00s             1           0  0.11s           2026-07-09T00:54:35
================================================================================
[2026-07-09T00:55:35.686+0000] {manager.py:878} INFO - 
================================================================================
DAG File Processing Stats

File Path                              PID  Runtime      # DAGs    # Errors  Last Runtime    Last Run
-----------------------------------  -----  ---------  --------  ----------  --------------  -------------------
/opt/airflow/dags/indusflow_dags.py    273  0.00s             1           0  0.12s           2026-07-09T00:55:05
================================================================================
[2026-07-09T00:56:03.109+0000] {manager.py:452} INFO - Exiting gracefully upon receiving signal 15
[2026-07-09T01:00:15.721+0000] {manager.py:470} INFO - Processing files using up to 2 processes at a time 
[2026-07-09T01:00:15.723+0000] {manager.py:471} INFO - Process each file at most once every 30 seconds
[2026-07-09T01:00:15.723+0000] {manager.py:472} INFO - Checking for new files in /opt/airflow/dags every 300 seconds
[2026-07-09T01:00:15.723+0000] {manager.py:737} INFO - Searching for files in /opt/airflow/dags
[2026-07-09T01:00:15.724+0000] {manager.py:740} INFO - There are 1 files in /opt/airflow/dags
[2026-07-09T01:00:15.807+0000] {manager.py:878} INFO - 
================================================================================
DAG File Processing Stats

File Path                              PID  Runtime      # DAGs    # Errors  Last Runtime    Last Run
-----------------------------------  -----  ---------  --------  ----------  --------------  ----------
/opt/airflow/dags/indusflow_dags.py    187  0.05s             0           0
================================================================================
[2026-07-09T01:00:45.961+0000] {manager.py:878} INFO - 
================================================================================
DAG File Processing Stats

File Path                              PID  Runtime      # DAGs    # Errors  Last Runtime    Last Run
-----------------------------------  -----  ---------  --------  ----------  --------------  -------------------
/opt/airflow/dags/indusflow_dags.py    229  0.00s             1           0  0.12s           2026-07-09T01:00:15
================================================================================
[2026-07-09T01:01:16.177+0000] {manager.py:878} INFO - 
================================================================================
DAG File Processing Stats

File Path                              PID  Runtime      # DAGs    # Errors  Last Runtime    Last Run
-----------------------------------  -----  ---------  --------  ----------  --------------  -------------------
/opt/airflow/dags/indusflow_dags.py    234  0.00s             1           0  0.17s           2026-07-09T01:00:46
================================================================================
[2026-07-09T01:01:46.371+0000] {manager.py:878} INFO - 
================================================================================
DAG File Processing Stats

File Path                              PID  Runtime      # DAGs    # Errors  Last Runtime    Last Run
-----------------------------------  -----  ---------  --------  ----------  --------------  -------------------
/opt/airflow/dags/indusflow_dags.py    239  0.01s             1           0  0.08s           2026-07-09T01:01:16
================================================================================
[2026-07-09T01:02:16.596+0000] {manager.py:878} INFO - 
================================================================================
DAG File Processing Stats

File Path                              PID  Runtime      # DAGs    # Errors  Last Runtime    Last Run
-----------------------------------  -----  ---------  --------  ----------  --------------  -------------------
/opt/airflow/dags/indusflow_dags.py    244  0.00s             1           0  0.11s           2026-07-09T01:01:46
================================================================================
[2026-07-09T01:02:46.794+0000] {manager.py:878} INFO - 
================================================================================
DAG File Processing Stats

File Path                              PID  Runtime      # DAGs    # Errors  Last Runtime    Last Run
-----------------------------------  -----  ---------  --------  ----------  --------------  -------------------
/opt/airflow/dags/indusflow_dags.py    249  0.00s             1           0  0.12s           2026-07-09T01:02:16
================================================================================
[2026-07-09T01:03:17.018+0000] {manager.py:878} INFO - 
================================================================================
DAG File Processing Stats

File Path                              PID  Runtime      # DAGs    # Errors  Last Runtime    Last Run
-----------------------------------  -----  ---------  --------  ----------  --------------  -------------------
/opt/airflow/dags/indusflow_dags.py    254  0.00s             1           0  0.08s           2026-07-09T01:02:46
================================================================================
[2026-07-09T01:03:41.736+0000] {manager.py:452} INFO - Exiting gracefully upon receiving signal 15
[2026-07-09T01:04:58.785+0000] {manager.py:470} INFO - Processing files using up to 2 processes at a time 
[2026-07-09T01:04:58.786+0000] {manager.py:471} INFO - Process each file at most once every 30 seconds
[2026-07-09T01:04:58.786+0000] {manager.py:472} INFO - Checking for new files in /opt/airflow/dags every 300 seconds
[2026-07-09T01:04:58.786+0000] {manager.py:737} INFO - Searching for files in /opt/airflow/dags
[2026-07-09T01:04:58.787+0000] {manager.py:740} INFO - There are 1 files in /opt/airflow/dags
[2026-07-09T01:04:58.851+0000] {manager.py:878} INFO - 
================================================================================
DAG File Processing Stats

File Path                              PID  Runtime      # DAGs    # Errors  Last Runtime    Last Run
-----------------------------------  -----  ---------  --------  ----------  --------------  ----------
/opt/airflow/dags/indusflow_dags.py    489  0.03s             0           0
================================================================================
[2026-07-09T01:05:29.016+0000] {manager.py:878} INFO - 
================================================================================
DAG File Processing Stats

File Path                              PID  Runtime      # DAGs    # Errors  Last Runtime    Last Run
-----------------------------------  -----  ---------  --------  ----------  --------------  -------------------
/opt/airflow/dags/indusflow_dags.py    567  0.00s             1           0  0.10s           2026-07-09T01:04:58
================================================================================
[2026-07-09T01:05:59.213+0000] {manager.py:878} INFO - 
================================================================================
DAG File Processing Stats

File Path                              PID  Runtime      # DAGs    # Errors  Last Runtime    Last Run
-----------------------------------  -----  ---------  --------  ----------  --------------  -------------------
/opt/airflow/dags/indusflow_dags.py    572  0.00s             1           0  0.10s           2026-07-09T01:05:29
================================================================================
[2026-07-09T01:06:29.415+0000] {manager.py:878} INFO - 
================================================================================
DAG File Processing Stats

File Path                              PID  Runtime      # DAGs    # Errors  Last Runtime    Last Run
-----------------------------------  -----  ---------  --------  ----------  --------------  -------------------
/opt/airflow/dags/indusflow_dags.py    577  0.00s             1           0  0.10s           2026-07-09T01:05:59
================================================================================
[2026-07-09T01:06:59.597+0000] {manager.py:878} INFO - 
================================================================================
DAG File Processing Stats

File Path                              PID  Runtime      # DAGs    # Errors  Last Runtime    Last Run
-----------------------------------  -----  ---------  --------  ----------  --------------  -------------------
/opt/airflow/dags/indusflow_dags.py    582  0.00s             1           0  0.11s           2026-07-09T01:06:29
================================================================================
[2026-07-09T01:07:29.821+0000] {manager.py:878} INFO - 
================================================================================
DAG File Processing Stats

File Path                              PID  Runtime      # DAGs    # Errors  Last Runtime    Last Run
-----------------------------------  -----  ---------  --------  ----------  --------------  -------------------
/opt/airflow/dags/indusflow_dags.py    587  0.00s             1           0  0.12s           2026-07-09T01:06:59
================================================================================
[2026-07-09T01:08:00.008+0000] {manager.py:878} INFO - 
================================================================================
DAG File Processing Stats

File Path                              PID  Runtime      # DAGs    # Errors  Last Runtime    Last Run
-----------------------------------  -----  ---------  --------  ----------  --------------  -------------------
/opt/airflow/dags/indusflow_dags.py    592  0.00s             1           0  0.10s           2026-07-09T01:07:29
================================================================================
[2026-07-09T01:08:08.951+0000] {manager.py:452} INFO - Exiting gracefully upon receiving signal 15
